{"/Users/mauricio/Documents/Mercadolibre/sistemaSolar/src/api/planet.ts": {"path":"/Users/mauricio/Documents/Mercadolibre/sistemaSolar/src/api/planet.ts","statementMap":{"0":{"start":{"line":2,"column":0},"end":{"line":2,"column":53}},"1":{"start":{"line":3,"column":0},"end":{"line":3,"column":71}},"2":{"start":{"line":4,"column":0},"end":{"line":4,"column":46}},"3":{"start":{"line":14,"column":69},"end":{"line":27,"column":2}},"4":{"start":{"line":16,"column":15},"end":{"line":27,"column":2}},"5":{"start":{"line":19,"column":4},"end":{"line":19,"column":76}},"6":{"start":{"line":20,"column":26},"end":{"line":20,"column":null}},"7":{"start":{"line":20,"column":10},"end":{"line":20,"column":null}},"8":{"start":{"line":21,"column":4},"end":{"line":21,"column":50}},"9":{"start":{"line":23,"column":4},"end":{"line":25,"column":53}},"10":{"start":{"line":29,"column":0},"end":{"line":29,"column":28}}},"fnMap":{"0":{"name":"(anonymous_14)","decl":{"start":{"line":14,"column":69},"end":{"line":14,"column":null}},"loc":{"start":{"line":16,"column":15},"end":{"line":27,"column":2}}},"1":{"name":"(anonymous_15)","decl":{"start":{"line":16,"column":15},"end":{"line":16,"column":null}},"loc":{"start":{"line":16,"column":15},"end":{"line":27,"column":2}}}},"branchMap":{},"s":{"0":1,"1":1,"2":1,"3":1,"4":2,"5":2,"6":2,"7":1,"8":1,"9":1,"10":1},"f":{"0":2,"1":2},"b":{}}
,"/Users/mauricio/Documents/Mercadolibre/sistemaSolar/src/api/weather-prediction.ts": {"path":"/Users/mauricio/Documents/Mercadolibre/sistemaSolar/src/api/weather-prediction.ts","statementMap":{"0":{"start":{"line":2,"column":0},"end":{"line":2,"column":59}},"1":{"start":{"line":4,"column":0},"end":{"line":4,"column":46}},"2":{"start":{"line":5,"column":0},"end":{"line":5,"column":45}},"3":{"start":{"line":7,"column":0},"end":{"line":7,"column":null}},"4":{"start":{"line":23,"column":21},"end":{"line":36,"column":2}},"5":{"start":{"line":23,"column":55},"end":{"line":36,"column":2}},"6":{"start":{"line":25,"column":4},"end":{"line":25,"column":76}},"7":{"start":{"line":26,"column":50},"end":{"line":28,"column":null}},"8":{"start":{"line":26,"column":10},"end":{"line":28,"column":null}},"9":{"start":{"line":29,"column":4},"end":{"line":31,"column":80}},"10":{"start":{"line":33,"column":4},"end":{"line":33,"column":27}},"11":{"start":{"line":34,"column":4},"end":{"line":34,"column":53}},"12":{"start":{"line":98,"column":2},"end":{"line":98,"column":31}},"13":{"start":{"line":48,"column":21},"end":{"line":74,"column":2}},"14":{"start":{"line":48,"column":55},"end":{"line":74,"column":2}},"15":{"start":{"line":50,"column":10},"end":{"line":50,"column":61}},"16":{"start":{"line":51,"column":8},"end":{"line":51,"column":17}},"17":{"start":{"line":52,"column":8},"end":{"line":52,"column":24}},"18":{"start":{"line":54,"column":9},"end":{"line":54,"column":28}},"19":{"start":{"line":54,"column":28},"end":{"line":54,"column":null}},"20":{"start":{"line":53,"column":6},"end":{"line":55,"column":8}},"21":{"start":{"line":57,"column":12},"end":{"line":57,"column":29}},"22":{"start":{"line":58,"column":6},"end":{"line":58,"column":72}},"23":{"start":{"line":59,"column":6},"end":{"line":61,"column":8}},"24":{"start":{"line":62,"column":6},"end":{"line":62,"column":70}},"25":{"start":{"line":63,"column":30},"end":{"line":63,"column":null}},"26":{"start":{"line":63,"column":12},"end":{"line":63,"column":null}},"27":{"start":{"line":64,"column":6},"end":{"line":68,"column":8}},"28":{"start":{"line":70,"column":4},"end":{"line":70,"column":45}},"29":{"start":{"line":72,"column":4},"end":{"line":72,"column":65}},"30":{"start":{"line":99,"column":2},"end":{"line":99,"column":30}},"31":{"start":{"line":85,"column":21},"end":{"line":95,"column":2}},"32":{"start":{"line":85,"column":55},"end":{"line":95,"column":2}},"33":{"start":{"line":87,"column":50},"end":{"line":87,"column":null}},"34":{"start":{"line":87,"column":10},"end":{"line":87,"column":null}},"35":{"start":{"line":88,"column":4},"end":{"line":91,"column":7}},"36":{"start":{"line":93,"column":4},"end":{"line":93,"column":65}},"37":{"start":{"line":100,"column":2},"end":{"line":100,"column":26}}},"fnMap":{"0":{"name":"(anonymous_14)","decl":{"start":{"line":23,"column":21},"end":{"line":23,"column":28}},"loc":{"start":{"line":23,"column":55},"end":{"line":36,"column":2}}},"1":{"name":"(anonymous_15)","decl":{"start":{"line":23,"column":55},"end":{"line":23,"column":null}},"loc":{"start":{"line":23,"column":55},"end":{"line":36,"column":2}}},"2":{"name":"(anonymous_17)","decl":{"start":{"line":48,"column":21},"end":{"line":48,"column":28}},"loc":{"start":{"line":48,"column":55},"end":{"line":74,"column":2}}},"3":{"name":"(anonymous_18)","decl":{"start":{"line":48,"column":55},"end":{"line":48,"column":null}},"loc":{"start":{"line":48,"column":55},"end":{"line":74,"column":2}}},"4":{"name":"(anonymous_20)","decl":{"start":{"line":85,"column":21},"end":{"line":85,"column":28}},"loc":{"start":{"line":85,"column":55},"end":{"line":95,"column":2}}},"5":{"name":"(anonymous_21)","decl":{"start":{"line":85,"column":55},"end":{"line":85,"column":null}},"loc":{"start":{"line":85,"column":55},"end":{"line":95,"column":2}}}},"branchMap":{"0":{"loc":{"start":{"line":50,"column":48},"end":{"line":50,"column":50}},"type":"cond-expr","locations":[{"start":{"line":50,"column":48},"end":{"line":50,"column":50}},{"start":{"line":50,"column":48},"end":{"line":50,"column":60}}]},"1":{"loc":{"start":{"line":50,"column":26},"end":{"line":50,"column":50}},"type":"binary-expr","locations":[{"start":{"line":50,"column":26},"end":{"line":50,"column":50}},{"start":{"line":50,"column":48},"end":{"line":50,"column":50}}]},"2":{"loc":{"start":{"line":52,"column":8},"end":{"line":52,"column":24}},"type":"if","locations":[{"start":{"line":52,"column":8},"end":{"line":52,"column":24}},{"start":{"line":52,"column":8},"end":{"line":52,"column":24}}]}},"s":{"0":1,"1":1,"2":1,"3":1,"4":1,"5":2,"6":2,"7":2,"8":1,"9":1,"10":1,"11":1,"12":1,"13":1,"14":3,"15":3,"16":3,"17":4,"18":2,"19":2,"20":1,"21":1,"22":1,"23":1,"24":1,"25":1,"26":1,"27":1,"28":2,"29":1,"30":1,"31":1,"32":1,"33":1,"34":1,"35":1,"36":0,"37":1},"f":{"0":2,"1":2,"2":3,"3":3,"4":1,"5":1},"b":{"0":[1,2],"1":[3,3],"2":[1,2]}}
,"/Users/mauricio/Documents/Mercadolibre/sistemaSolar/src/config/env.ts": {"path":"/Users/mauricio/Documents/Mercadolibre/sistemaSolar/src/config/env.ts","statementMap":{"0":{"start":{"line":1,"column":0},"end":{"line":1,"column":38}},"1":{"start":{"line":4,"column":0},"end":{"line":4,"column":61}},"2":{"start":{"line":13,"column":0},"end":{"line":13,"column":32}},"3":{"start":{"line":15,"column":0},"end":{"line":39,"column":2}}},"fnMap":{},"branchMap":{"0":{"loc":{"start":{"line":4,"column":23},"end":{"line":4,"column":43}},"type":"binary-expr","locations":[{"start":{"line":4,"column":23},"end":{"line":4,"column":43}},{"start":{"line":4,"column":47},"end":{"line":4,"column":60}}]},"1":{"loc":{"start":{"line":22,"column":26},"end":{"line":22,"column":56}},"type":"binary-expr","locations":[{"start":{"line":22,"column":26},"end":{"line":22,"column":56}},{"start":{"line":22,"column":60},"end":{"line":22,"column":63}}]},"2":{"loc":{"start":{"line":26,"column":13},"end":{"line":26,"column":38}},"type":"binary-expr","locations":[{"start":{"line":26,"column":13},"end":{"line":26,"column":38}},{"start":{"line":26,"column":42},"end":{"line":26,"column":46}}]},"3":{"loc":{"start":{"line":32,"column":15},"end":{"line":32,"column":34}},"type":"binary-expr","locations":[{"start":{"line":32,"column":15},"end":{"line":32,"column":34}},{"start":{"line":32,"column":38},"end":{"line":32,"column":40}}]},"4":{"loc":{"start":{"line":35,"column":11},"end":{"line":35,"column":32}},"type":"binary-expr","locations":[{"start":{"line":35,"column":11},"end":{"line":35,"column":32}},{"start":{"line":35,"column":36},"end":{"line":35,"column":43}}]}},"s":{"0":8,"1":8,"2":8,"3":8},"f":{},"b":{"0":[8,0],"1":[8,8],"2":[8,8],"3":[8,8],"4":[8,8]}}
,"/Users/mauricio/Documents/Mercadolibre/sistemaSolar/src/config/loaders/logger.ts": {"path":"/Users/mauricio/Documents/Mercadolibre/sistemaSolar/src/config/loaders/logger.ts","statementMap":{"0":{"start":{"line":1,"column":0},"end":{"line":1,"column":30}},"1":{"start":{"line":2,"column":0},"end":{"line":2,"column":35}},"2":{"start":{"line":4,"column":19},"end":{"line":4,"column":21}},"3":{"start":{"line":5,"column":0},"end":{"line":16,"column":null}},"4":{"start":{"line":6,"column":2},"end":{"line":6,"column":52}},"5":{"start":{"line":8,"column":2},"end":{"line":15,"column":4}},"6":{"start":{"line":18,"column":23},"end":{"line":30,"column":2}},"7":{"start":{"line":32,"column":0},"end":{"line":32,"column":30}}},"fnMap":{},"branchMap":{"0":{"loc":{"start":{"line":5,"column":0},"end":{"line":16,"column":null}},"type":"if","locations":[{"start":{"line":5,"column":0},"end":{"line":16,"column":null}},{"start":{"line":5,"column":0},"end":{"line":16,"column":null}}]}},"s":{"0":5,"1":5,"2":5,"3":5,"4":5,"5":0,"6":5,"7":5},"f":{},"b":{"0":[5,0]}}
,"/Users/mauricio/Documents/Mercadolibre/sistemaSolar/src/events/events.ts": {"path":"/Users/mauricio/Documents/Mercadolibre/sistemaSolar/src/events/events.ts","statementMap":{"0":{"start":{"line":1,"column":0},"end":{"line":5,"column":2}}},"fnMap":{},"branchMap":{},"s":{"0":1},"f":{},"b":{}}
,"/Users/mauricio/Documents/Mercadolibre/sistemaSolar/src/jobs/weather-prediction.ts": {"path":"/Users/mauricio/Documents/Mercadolibre/sistemaSolar/src/jobs/weather-prediction.ts","statementMap":{"0":{"start":{"line":1,"column":0},"end":{"line":1,"column":32}},"1":{"start":{"line":2,"column":0},"end":{"line":2,"column":46}},"2":{"start":{"line":3,"column":0},"end":{"line":3,"column":55}},"3":{"start":{"line":4,"column":0},"end":{"line":4,"column":67}},"4":{"start":{"line":5,"column":0},"end":{"line":5,"column":null}},"5":{"start":{"line":10,"column":36},"end":{"line":34,"column":2}},"6":{"start":{"line":12,"column":11},"end":{"line":34,"column":2}},"7":{"start":{"line":15,"column":4},"end":{"line":15,"column":52}},"8":{"start":{"line":16,"column":33},"end":{"line":16,"column":null}},"9":{"start":{"line":16,"column":10},"end":{"line":16,"column":null}},"10":{"start":{"line":17,"column":8},"end":{"line":17,"column":71}},"11":{"start":{"line":18,"column":4},"end":{"line":18,"column":14}},"12":{"start":{"line":19,"column":20},"end":{"line":23,"column":null}},"13":{"start":{"line":19,"column":10},"end":{"line":23,"column":null}},"14":{"start":{"line":24,"column":4},"end":{"line":28,"column":6}},"15":{"start":{"line":29,"column":4},"end":{"line":29,"column":11}},"16":{"start":{"line":31,"column":4},"end":{"line":31,"column":49}},"17":{"start":{"line":32,"column":4},"end":{"line":32,"column":12}},"18":{"start":{"line":36,"column":0},"end":{"line":36,"column":43}}},"fnMap":{"0":{"name":"(anonymous_14)","decl":{"start":{"line":10,"column":36},"end":{"line":10,"column":null}},"loc":{"start":{"line":12,"column":11},"end":{"line":34,"column":2}}},"1":{"name":"(anonymous_15)","decl":{"start":{"line":12,"column":11},"end":{"line":12,"column":null}},"loc":{"start":{"line":12,"column":11},"end":{"line":34,"column":2}}}},"branchMap":{"0":{"loc":{"start":{"line":17,"column":41},"end":{"line":17,"column":65}},"type":"cond-expr","locations":[{"start":{"line":17,"column":41},"end":{"line":17,"column":65}},{"start":{"line":17,"column":68},"end":{"line":17,"column":70}}]}},"s":{"0":1,"1":1,"2":1,"3":1,"4":1,"5":1,"6":1,"7":1,"8":1,"9":1,"10":1,"11":1,"12":1,"13":1,"14":1,"15":0,"16":1,"17":1,"18":1},"f":{"0":1,"1":1},"b":{"0":[1,0]}}
,"/Users/mauricio/Documents/Mercadolibre/sistemaSolar/src/models/enums/galaxy-weather.ts": {"path":"/Users/mauricio/Documents/Mercadolibre/sistemaSolar/src/models/enums/galaxy-weather.ts","statementMap":{"0":{"start":{"line":5,"column":0},"end":{"line":5,"column":null}},"1":{"start":{"line":6,"column":2},"end":{"line":6,"column":null}},"2":{"start":{"line":7,"column":2},"end":{"line":7,"column":null}},"3":{"start":{"line":8,"column":2},"end":{"line":8,"column":null}},"4":{"start":{"line":9,"column":2},"end":{"line":9,"column":null}},"5":{"start":{"line":12,"column":0},"end":{"line":12,"column":29}}},"fnMap":{"0":{"name":"(anonymous_0)","decl":{"start":{"line":5,"column":0},"end":{"line":5,"column":5}},"loc":{"start":{"line":5,"column":18},"end":{"line":10,"column":1}}}},"branchMap":{"0":{"loc":{"start":{"line":5,"column":5},"end":{"line":5,"column":18}},"type":"binary-expr","locations":[{"start":{"line":5,"column":5},"end":{"line":5,"column":18}},{"start":{"line":5,"column":5},"end":{"line":5,"column":null}}]}},"s":{"0":5,"1":5,"2":5,"3":5,"4":5,"5":5},"f":{"0":5},"b":{"0":[5,5]}}
,"/Users/mauricio/Documents/Mercadolibre/sistemaSolar/src/services/planet.ts": {"path":"/Users/mauricio/Documents/Mercadolibre/sistemaSolar/src/services/planet.ts","statementMap":{"0":{"start":{"line":2,"column":0},"end":{"line":2,"column":46}},"1":{"start":{"line":3,"column":0},"end":{"line":3,"column":48}},"2":{"start":{"line":5,"column":0},"end":{"line":5,"column":null}},"3":{"start":{"line":15,"column":24},"end":{"line":26,"column":2}},"4":{"start":{"line":15,"column":54},"end":{"line":26,"column":2}},"5":{"start":{"line":17,"column":4},"end":{"line":17,"column":60}},"6":{"start":{"line":18,"column":26},"end":{"line":18,"column":null}},"7":{"start":{"line":18,"column":10},"end":{"line":18,"column":null}},"8":{"start":{"line":19,"column":4},"end":{"line":19,"column":60}},"9":{"start":{"line":20,"column":4},"end":{"line":20,"column":25}},"10":{"start":{"line":22,"column":4},"end":{"line":22,"column":57}},"11":{"start":{"line":23,"column":4},"end":{"line":23,"column":20}},"12":{"start":{"line":24,"column":4},"end":{"line":24,"column":12}},"13":{"start":{"line":48,"column":9},"end":{"line":48,"column":24}},"14":{"start":{"line":33,"column":26},"end":{"line":46,"column":2}},"15":{"start":{"line":33,"column":54},"end":{"line":46,"column":2}},"16":{"start":{"line":35,"column":4},"end":{"line":35,"column":50}},"17":{"start":{"line":36,"column":27},"end":{"line":38,"column":null}},"18":{"start":{"line":36,"column":10},"end":{"line":38,"column":null}},"19":{"start":{"line":39,"column":4},"end":{"line":39,"column":51}},"20":{"start":{"line":40,"column":4},"end":{"line":40,"column":26}},"21":{"start":{"line":42,"column":4},"end":{"line":42,"column":56}},"22":{"start":{"line":43,"column":4},"end":{"line":43,"column":20}},"23":{"start":{"line":44,"column":4},"end":{"line":44,"column":12}},"24":{"start":{"line":48,"column":26},"end":{"line":48,"column":43}}},"fnMap":{"0":{"name":"(anonymous_14)","decl":{"start":{"line":15,"column":24},"end":{"line":15,"column":31}},"loc":{"start":{"line":15,"column":54},"end":{"line":26,"column":2}}},"1":{"name":"(anonymous_15)","decl":{"start":{"line":15,"column":54},"end":{"line":15,"column":null}},"loc":{"start":{"line":15,"column":54},"end":{"line":26,"column":2}}},"2":{"name":"(anonymous_17)","decl":{"start":{"line":33,"column":26},"end":{"line":33,"column":33}},"loc":{"start":{"line":33,"column":54},"end":{"line":46,"column":2}}},"3":{"name":"(anonymous_18)","decl":{"start":{"line":33,"column":54},"end":{"line":33,"column":null}},"loc":{"start":{"line":33,"column":54},"end":{"line":46,"column":2}}}},"branchMap":{},"s":{"0":1,"1":1,"2":1,"3":1,"4":2,"5":2,"6":2,"7":1,"8":1,"9":1,"10":1,"11":1,"12":1,"13":1,"14":1,"15":1,"16":1,"17":1,"18":1,"19":1,"20":1,"21":0,"22":0,"23":0,"24":1},"f":{"0":2,"1":2,"2":1,"3":1},"b":{}}
,"/Users/mauricio/Documents/Mercadolibre/sistemaSolar/src/services/weather-prediction.ts": {"path":"/Users/mauricio/Documents/Mercadolibre/sistemaSolar/src/services/weather-prediction.ts","statementMap":{"0":{"start":{"line":1,"column":0},"end":{"line":1,"column":32}},"1":{"start":{"line":2,"column":0},"end":{"line":2,"column":38}},"2":{"start":{"line":5,"column":0},"end":{"line":5,"column":46}},"3":{"start":{"line":6,"column":0},"end":{"line":6,"column":71}},"4":{"start":{"line":7,"column":0},"end":{"line":7,"column":null}},"5":{"start":{"line":16,"column":0},"end":{"line":16,"column":null}},"6":{"start":{"line":26,"column":33},"end":{"line":32,"column":2}},"7":{"start":{"line":26,"column":55},"end":{"line":32,"column":2}},"8":{"start":{"line":27,"column":2},"end":{"line":27,"column":46}},"9":{"start":{"line":28,"column":9},"end":{"line":31,"column":5}},"10":{"start":{"line":28,"column":2},"end":{"line":31,"column":5}},"11":{"start":{"line":202,"column":2},"end":{"line":202,"column":26}},"12":{"start":{"line":39,"column":29},"end":{"line":54,"column":2}},"13":{"start":{"line":40,"column":13},"end":{"line":54,"column":2}},"14":{"start":{"line":43,"column":4},"end":{"line":43,"column":50}},"15":{"start":{"line":44,"column":30},"end":{"line":44,"column":null}},"16":{"start":{"line":44,"column":10},"end":{"line":44,"column":null}},"17":{"start":{"line":45,"column":4},"end":{"line":47,"column":null}},"18":{"start":{"line":46,"column":6},"end":{"line":46,"column":64}},"19":{"start":{"line":48,"column":4},"end":{"line":48,"column":29}},"20":{"start":{"line":50,"column":4},"end":{"line":50,"column":56}},"21":{"start":{"line":51,"column":4},"end":{"line":51,"column":20}},"22":{"start":{"line":52,"column":4},"end":{"line":52,"column":12}},"23":{"start":{"line":203,"column":2},"end":{"line":203,"column":22}},"24":{"start":{"line":60,"column":34},"end":{"line":74,"column":2}},"25":{"start":{"line":62,"column":4},"end":{"line":62,"column":46}},"26":{"start":{"line":63,"column":35},"end":{"line":66,"column":null}},"27":{"start":{"line":63,"column":10},"end":{"line":66,"column":null}},"28":{"start":{"line":67,"column":4},"end":{"line":67,"column":47}},"29":{"start":{"line":68,"column":4},"end":{"line":68,"column":37}},"30":{"start":{"line":70,"column":4},"end":{"line":70,"column":52}},"31":{"start":{"line":71,"column":4},"end":{"line":71,"column":20}},"32":{"start":{"line":72,"column":4},"end":{"line":72,"column":12}},"33":{"start":{"line":198,"column":2},"end":{"line":198,"column":27}},"34":{"start":{"line":83,"column":55},"end":{"line":103,"column":2}},"35":{"start":{"line":85,"column":16},"end":{"line":103,"column":2}},"36":{"start":{"line":88,"column":4},"end":{"line":88,"column":42}},"37":{"start":{"line":89,"column":32},"end":{"line":95,"column":null}},"38":{"start":{"line":89,"column":10},"end":{"line":95,"column":null}},"39":{"start":{"line":96,"column":4},"end":{"line":96,"column":43}},"40":{"start":{"line":97,"column":4},"end":{"line":97,"column":34}},"41":{"start":{"line":99,"column":4},"end":{"line":99,"column":42}},"42":{"start":{"line":100,"column":4},"end":{"line":100,"column":20}},"43":{"start":{"line":101,"column":4},"end":{"line":101,"column":12}},"44":{"start":{"line":201,"column":2},"end":{"line":201,"column":48}},"45":{"start":{"line":109,"column":51},"end":{"line":124,"column":2}},"46":{"start":{"line":113,"column":4},"end":{"line":113,"column":41}},"47":{"start":{"line":114,"column":41},"end":{"line":116,"column":null}},"48":{"start":{"line":114,"column":10},"end":{"line":116,"column":null}},"49":{"start":{"line":117,"column":4},"end":{"line":117,"column":42}},"50":{"start":{"line":118,"column":4},"end":{"line":118,"column":43}},"51":{"start":{"line":120,"column":4},"end":{"line":120,"column":41}},"52":{"start":{"line":121,"column":4},"end":{"line":121,"column":20}},"53":{"start":{"line":122,"column":4},"end":{"line":122,"column":12}},"54":{"start":{"line":200,"column":2},"end":{"line":200,"column":44}},"55":{"start":{"line":131,"column":32},"end":{"line":147,"column":2}},"56":{"start":{"line":133,"column":16},"end":{"line":147,"column":2}},"57":{"start":{"line":135,"column":2},"end":{"line":135,"column":37}},"58":{"start":{"line":137,"column":4},"end":{"line":140,"column":6}},"59":{"start":{"line":141,"column":4},"end":{"line":141,"column":40}},"60":{"start":{"line":143,"column":4},"end":{"line":143,"column":39}},"61":{"start":{"line":144,"column":4},"end":{"line":144,"column":20}},"62":{"start":{"line":145,"column":4},"end":{"line":145,"column":12}},"63":{"start":{"line":199,"column":2},"end":{"line":199,"column":25}},"64":{"start":{"line":156,"column":35},"end":{"line":194,"column":2}},"65":{"start":{"line":159,"column":20},"end":{"line":194,"column":2}},"66":{"start":{"line":161,"column":8},"end":{"line":161,"column":25}},"67":{"start":{"line":163,"column":4},"end":{"line":163,"column":61}},"68":{"start":{"line":164,"column":40},"end":{"line":164,"column":null}},"69":{"start":{"line":164,"column":10},"end":{"line":164,"column":null}},"70":{"start":{"line":165,"column":8},"end":{"line":167,"column":11}},"71":{"start":{"line":168,"column":4},"end":{"line":182,"column":null}},"72":{"start":{"line":169,"column":12},"end":{"line":169,"column":71}},"73":{"start":{"line":170,"column":12},"end":{"line":172,"column":8}},"74":{"start":{"line":173,"column":12},"end":{"line":179,"column":8}},"75":{"start":{"line":180,"column":6},"end":{"line":180,"column":57}},"76":{"start":{"line":181,"column":6},"end":{"line":181,"column":74}},"77":{"start":{"line":183,"column":4},"end":{"line":183,"column":35}},"78":{"start":{"line":184,"column":4},"end":{"line":188,"column":6}},"79":{"start":{"line":190,"column":4},"end":{"line":190,"column":58}},"80":{"start":{"line":191,"column":4},"end":{"line":191,"column":20}},"81":{"start":{"line":192,"column":4},"end":{"line":192,"column":12}},"82":{"start":{"line":197,"column":2},"end":{"line":197,"column":28}}},"fnMap":{"0":{"name":"(anonymous_14)","decl":{"start":{"line":26,"column":33},"end":{"line":26,"column":40}},"loc":{"start":{"line":26,"column":55},"end":{"line":32,"column":2}}},"1":{"name":"(anonymous_15)","decl":{"start":{"line":26,"column":55},"end":{"line":26,"column":null}},"loc":{"start":{"line":26,"column":55},"end":{"line":32,"column":2}}},"2":{"name":"(anonymous_17)","decl":{"start":{"line":39,"column":29},"end":{"line":39,"column":null}},"loc":{"start":{"line":40,"column":13},"end":{"line":54,"column":2}}},"3":{"name":"(anonymous_18)","decl":{"start":{"line":40,"column":13},"end":{"line":40,"column":null}},"loc":{"start":{"line":40,"column":13},"end":{"line":54,"column":2}}},"4":{"name":"(anonymous_20)","decl":{"start":{"line":60,"column":34},"end":{"line":60,"column":null}},"loc":{"start":{"line":60,"column":34},"end":{"line":74,"column":2}}},"5":{"name":"(anonymous_23)","decl":{"start":{"line":83,"column":55},"end":{"line":83,"column":null}},"loc":{"start":{"line":85,"column":16},"end":{"line":103,"column":2}}},"6":{"name":"(anonymous_24)","decl":{"start":{"line":85,"column":16},"end":{"line":85,"column":null}},"loc":{"start":{"line":85,"column":16},"end":{"line":103,"column":2}}},"7":{"name":"(anonymous_26)","decl":{"start":{"line":109,"column":51},"end":{"line":109,"column":null}},"loc":{"start":{"line":109,"column":51},"end":{"line":124,"column":2}}},"8":{"name":"(anonymous_29)","decl":{"start":{"line":131,"column":32},"end":{"line":131,"column":null}},"loc":{"start":{"line":133,"column":16},"end":{"line":147,"column":2}}},"9":{"name":"(anonymous_30)","decl":{"start":{"line":133,"column":16},"end":{"line":133,"column":null}},"loc":{"start":{"line":133,"column":16},"end":{"line":147,"column":2}}},"10":{"name":"(anonymous_32)","decl":{"start":{"line":156,"column":35},"end":{"line":156,"column":null}},"loc":{"start":{"line":159,"column":20},"end":{"line":194,"column":2}}},"11":{"name":"(anonymous_33)","decl":{"start":{"line":159,"column":20},"end":{"line":159,"column":null}},"loc":{"start":{"line":159,"column":20},"end":{"line":194,"column":2}}}},"branchMap":{"0":{"loc":{"start":{"line":28,"column":2},"end":{"line":31,"column":5}},"type":"switch","locations":[{"start":{"line":28,"column":2},"end":{"line":31,"column":5}}]},"1":{"loc":{"start":{"line":45,"column":4},"end":{"line":47,"column":null}},"type":"if","locations":[{"start":{"line":45,"column":4},"end":{"line":47,"column":null}},{"start":{"line":45,"column":4},"end":{"line":47,"column":null}}]},"2":{"loc":{"start":{"line":166,"column":8},"end":{"line":166,"column":43}},"type":"cond-expr","locations":[{"start":{"line":166,"column":8},"end":{"line":166,"column":43}},{"start":{"line":167,"column":8},"end":{"line":167,"column":10}}]}},"s":{"0":1,"1":1,"2":1,"3":1,"4":1,"5":1,"6":1,"7":2,"8":2,"9":2,"10":2,"11":1,"12":1,"13":2,"14":2,"15":2,"16":2,"17":2,"18":1,"19":1,"20":1,"21":1,"22":1,"23":1,"24":4,"25":3,"26":3,"27":3,"28":3,"29":3,"30":0,"31":0,"32":0,"33":1,"34":1,"35":2,"36":2,"37":2,"38":1,"39":1,"40":1,"41":1,"42":1,"43":1,"44":1,"45":2,"46":1,"47":1,"48":1,"49":1,"50":1,"51":0,"52":0,"53":0,"54":1,"55":1,"56":2,"57":2,"58":3,"59":1,"60":1,"61":1,"62":1,"63":1,"64":1,"65":2,"66":2,"67":2,"68":2,"69":2,"70":2,"71":2,"72":11,"73":11,"74":11,"75":11,"76":11,"77":2,"78":1,"79":1,"80":1,"81":1,"82":1},"f":{"0":2,"1":2,"2":2,"3":2,"4":6,"5":2,"6":2,"7":2,"8":2,"9":2,"10":2,"11":2},"b":{"0":[2],"1":[1,1],"2":[2,0]}}
,"/Users/mauricio/Documents/Mercadolibre/sistemaSolar/src/tests/data/math.ts": {"path":"/Users/mauricio/Documents/Mercadolibre/sistemaSolar/src/tests/data/math.ts","statementMap":{"0":{"start":{"line":3,"column":28},"end":{"line":6,"column":2}},"1":{"start":{"line":23,"column":9},"end":{"line":23,"column":15}},"2":{"start":{"line":8,"column":28},"end":{"line":11,"column":2}},"3":{"start":{"line":23,"column":17},"end":{"line":23,"column":23}},"4":{"start":{"line":13,"column":28},"end":{"line":16,"column":2}},"5":{"start":{"line":23,"column":25},"end":{"line":23,"column":31}},"6":{"start":{"line":18,"column":28},"end":{"line":21,"column":2}},"7":{"start":{"line":23,"column":33},"end":{"line":23,"column":39}}},"fnMap":{},"branchMap":{},"s":{"0":1,"1":1,"2":1,"3":1,"4":1,"5":1,"6":1,"7":1},"f":{},"b":{}}
,"/Users/mauricio/Documents/Mercadolibre/sistemaSolar/src/tests/data/planet.ts": {"path":"/Users/mauricio/Documents/Mercadolibre/sistemaSolar/src/tests/data/planet.ts","statementMap":{"0":{"start":{"line":3,"column":37},"end":{"line":8,"column":2}},"1":{"start":{"line":24,"column":9},"end":{"line":24,"column":28}},"2":{"start":{"line":10,"column":38},"end":{"line":15,"column":2}},"3":{"start":{"line":24,"column":30},"end":{"line":24,"column":50}},"4":{"start":{"line":17,"column":39},"end":{"line":22,"column":2}},"5":{"start":{"line":24,"column":52},"end":{"line":24,"column":73}}},"fnMap":{},"branchMap":{},"s":{"0":4,"1":4,"2":4,"3":4,"4":4,"5":4},"f":{},"b":{}}
,"/Users/mauricio/Documents/Mercadolibre/sistemaSolar/src/tests/data/weather-prediction.ts": {"path":"/Users/mauricio/Documents/Mercadolibre/sistemaSolar/src/tests/data/weather-prediction.ts","statementMap":{"0":{"start":{"line":1,"column":0},"end":{"line":1,"column":62}},"1":{"start":{"line":6,"column":25},"end":{"line":11,"column":2}},"2":{"start":{"line":113,"column":2},"end":{"line":113,"column":9}},"3":{"start":{"line":13,"column":25},"end":{"line":18,"column":2}},"4":{"start":{"line":114,"column":2},"end":{"line":114,"column":9}},"5":{"start":{"line":20,"column":25},"end":{"line":25,"column":2}},"6":{"start":{"line":115,"column":2},"end":{"line":115,"column":9}},"7":{"start":{"line":27,"column":35},"end":{"line":30,"column":2}},"8":{"start":{"line":116,"column":2},"end":{"line":116,"column":15}},"9":{"start":{"line":32,"column":38},"end":{"line":35,"column":2}},"10":{"start":{"line":121,"column":2},"end":{"line":121,"column":18}},"11":{"start":{"line":37,"column":38},"end":{"line":40,"column":2}},"12":{"start":{"line":122,"column":2},"end":{"line":122,"column":18}},"13":{"start":{"line":42,"column":38},"end":{"line":45,"column":2}},"14":{"start":{"line":123,"column":2},"end":{"line":123,"column":18}},"15":{"start":{"line":47,"column":41},"end":{"line":50,"column":2}},"16":{"start":{"line":124,"column":2},"end":{"line":124,"column":21}},"17":{"start":{"line":52,"column":41},"end":{"line":55,"column":2}},"18":{"start":{"line":125,"column":2},"end":{"line":125,"column":21}},"19":{"start":{"line":57,"column":41},"end":{"line":60,"column":2}},"20":{"start":{"line":126,"column":2},"end":{"line":126,"column":21}},"21":{"start":{"line":62,"column":41},"end":{"line":65,"column":2}},"22":{"start":{"line":117,"column":2},"end":{"line":117,"column":21}},"23":{"start":{"line":67,"column":41},"end":{"line":70,"column":2}},"24":{"start":{"line":118,"column":2},"end":{"line":118,"column":21}},"25":{"start":{"line":72,"column":41},"end":{"line":75,"column":2}},"26":{"start":{"line":119,"column":2},"end":{"line":119,"column":21}},"27":{"start":{"line":77,"column":41},"end":{"line":80,"column":2}},"28":{"start":{"line":127,"column":2},"end":{"line":127,"column":21}},"29":{"start":{"line":82,"column":41},"end":{"line":85,"column":2}},"30":{"start":{"line":128,"column":2},"end":{"line":128,"column":21}},"31":{"start":{"line":87,"column":41},"end":{"line":90,"column":2}},"32":{"start":{"line":129,"column":2},"end":{"line":129,"column":21}},"33":{"start":{"line":92,"column":41},"end":{"line":95,"column":2}},"34":{"start":{"line":130,"column":2},"end":{"line":130,"column":21}},"35":{"start":{"line":97,"column":41},"end":{"line":100,"column":2}},"36":{"start":{"line":131,"column":2},"end":{"line":131,"column":21}},"37":{"start":{"line":102,"column":41},"end":{"line":105,"column":2}},"38":{"start":{"line":132,"column":2},"end":{"line":132,"column":21}},"39":{"start":{"line":107,"column":47},"end":{"line":110,"column":2}},"40":{"start":{"line":120,"column":2},"end":{"line":120,"column":20}}},"fnMap":{},"branchMap":{},"s":{"0":2,"1":2,"2":2,"3":2,"4":2,"5":2,"6":2,"7":2,"8":2,"9":2,"10":2,"11":2,"12":2,"13":2,"14":2,"15":2,"16":2,"17":2,"18":2,"19":2,"20":2,"21":2,"22":2,"23":2,"24":2,"25":2,"26":2,"27":2,"28":2,"29":2,"30":2,"31":2,"32":2,"33":2,"34":2,"35":2,"36":2,"37":2,"38":2,"39":2,"40":2},"f":{},"b":{}}
,"/Users/mauricio/Documents/Mercadolibre/sistemaSolar/src/utils/global.ts": {"path":"/Users/mauricio/Documents/Mercadolibre/sistemaSolar/src/utils/global.ts","statementMap":{"0":{"start":{"line":1,"column":0},"end":{"line":1,"column":32}},"1":{"start":{"line":3,"column":19},"end":{"line":10,"column":2}},"2":{"start":{"line":117,"column":2},"end":{"line":117,"column":12}},"3":{"start":{"line":12,"column":33},"end":{"line":16,"column":2}},"4":{"start":{"line":120,"column":2},"end":{"line":120,"column":26}},"5":{"start":{"line":18,"column":29},"end":{"line":22,"column":2}},"6":{"start":{"line":113,"column":2},"end":{"line":113,"column":22}},"7":{"start":{"line":24,"column":34},"end":{"line":28,"column":2}},"8":{"start":{"line":124,"column":2},"end":{"line":124,"column":27}},"9":{"start":{"line":30,"column":29},"end":{"line":35,"column":2}},"10":{"start":{"line":111,"column":2},"end":{"line":111,"column":22}},"11":{"start":{"line":37,"column":33},"end":{"line":39,"column":2}},"12":{"start":{"line":116,"column":2},"end":{"line":116,"column":26}},"13":{"start":{"line":41,"column":25},"end":{"line":45,"column":2}},"14":{"start":{"line":112,"column":2},"end":{"line":112,"column":18}},"15":{"start":{"line":47,"column":36},"end":{"line":50,"column":2}},"16":{"start":{"line":125,"column":2},"end":{"line":125,"column":29}},"17":{"start":{"line":52,"column":35},"end":{"line":54,"column":2}},"18":{"start":{"line":127,"column":2},"end":{"line":127,"column":28}},"19":{"start":{"line":56,"column":26},"end":{"line":58,"column":2}},"20":{"start":{"line":121,"column":2},"end":{"line":121,"column":19}},"21":{"start":{"line":60,"column":25},"end":{"line":65,"column":2}},"22":{"start":{"line":122,"column":2},"end":{"line":122,"column":18}},"23":{"start":{"line":67,"column":29},"end":{"line":70,"column":2}},"24":{"start":{"line":126,"column":2},"end":{"line":126,"column":22}},"25":{"start":{"line":72,"column":27},"end":{"line":76,"column":2}},"26":{"start":{"line":114,"column":2},"end":{"line":114,"column":20}},"27":{"start":{"line":78,"column":26},"end":{"line":82,"column":2}},"28":{"start":{"line":115,"column":2},"end":{"line":115,"column":19}},"29":{"start":{"line":84,"column":24},"end":{"line":88,"column":2}},"30":{"start":{"line":123,"column":2},"end":{"line":123,"column":17}},"31":{"start":{"line":95,"column":0},"end":{"line":95,"column":null}},"32":{"start":{"line":96,"column":2},"end":{"line":96,"column":null}},"33":{"start":{"line":97,"column":2},"end":{"line":97,"column":null}},"34":{"start":{"line":98,"column":2},"end":{"line":98,"column":null}},"35":{"start":{"line":99,"column":2},"end":{"line":99,"column":null}},"36":{"start":{"line":128,"column":2},"end":{"line":128,"column":12}},"37":{"start":{"line":102,"column":27},"end":{"line":102,"column":28}},"38":{"start":{"line":119,"column":2},"end":{"line":119,"column":20}},"39":{"start":{"line":104,"column":27},"end":{"line":108,"column":2}},"40":{"start":{"line":118,"column":2},"end":{"line":118,"column":20}}},"fnMap":{"0":{"name":"(anonymous_1)","decl":{"start":{"line":95,"column":0},"end":{"line":95,"column":5}},"loc":{"start":{"line":95,"column":15},"end":{"line":100,"column":1}}}},"branchMap":{"0":{"loc":{"start":{"line":95,"column":5},"end":{"line":95,"column":15}},"type":"binary-expr","locations":[{"start":{"line":95,"column":5},"end":{"line":95,"column":15}},{"start":{"line":95,"column":5},"end":{"line":95,"column":null}}]}},"s":{"0":8,"1":8,"2":8,"3":8,"4":8,"5":8,"6":8,"7":8,"8":8,"9":8,"10":8,"11":8,"12":8,"13":8,"14":8,"15":8,"16":8,"17":8,"18":8,"19":8,"20":8,"21":8,"22":8,"23":8,"24":8,"25":8,"26":8,"27":8,"28":8,"29":8,"30":8,"31":8,"32":8,"33":8,"34":8,"35":8,"36":8,"37":8,"38":8,"39":8,"40":8},"f":{"0":8},"b":{"0":[8,8]}}
,"/Users/mauricio/Documents/Mercadolibre/sistemaSolar/src/utils/math.ts": {"path":"/Users/mauricio/Documents/Mercadolibre/sistemaSolar/src/utils/math.ts","statementMap":{"0":{"start":{"line":1,"column":0},"end":{"line":1,"column":59}},"1":{"start":{"line":5,"column":18},"end":{"line":5,"column":22}},"2":{"start":{"line":14,"column":27},"end":{"line":16,"column":1}},"3":{"start":{"line":15,"column":2},"end":{"line":15,"column":45}},"4":{"start":{"line":173,"column":2},"end":{"line":173,"column":20}},"5":{"start":{"line":24,"column":39},"end":{"line":29,"column":1}},"6":{"start":{"line":25,"column":9},"end":{"line":25,"column":14}},"7":{"start":{"line":25,"column":16},"end":{"line":25,"column":31}},"8":{"start":{"line":26,"column":9},"end":{"line":26,"column":14}},"9":{"start":{"line":26,"column":16},"end":{"line":26,"column":31}},"10":{"start":{"line":28,"column":2},"end":{"line":28,"column":64}},"11":{"start":{"line":39,"column":42},"end":{"line":52,"column":1}},"12":{"start":{"line":47,"column":12},"end":{"line":47,"column":58}},"13":{"start":{"line":48,"column":12},"end":{"line":48,"column":58}},"14":{"start":{"line":49,"column":12},"end":{"line":49,"column":58}},"15":{"start":{"line":50,"column":20},"end":{"line":50,"column":29}},"16":{"start":{"line":51,"column":2},"end":{"line":51,"column":68}},"17":{"start":{"line":174,"column":2},"end":{"line":174,"column":35}},"18":{"start":{"line":61,"column":30},"end":{"line":77,"column":1}},"19":{"start":{"line":69,"column":6},"end":{"line":69,"column":63}},"20":{"start":{"line":67,"column":20},"end":{"line":67,"column":null}},"21":{"start":{"line":68,"column":4},"end":{"line":68,"column":20}},"22":{"start":{"line":68,"column":21},"end":{"line":68,"column":23}},"23":{"start":{"line":68,"column":24},"end":{"line":68,"column":26}},"24":{"start":{"line":68,"column":27},"end":{"line":68,"column":29}},"25":{"start":{"line":70,"column":24},"end":{"line":70,"column":44}},"26":{"start":{"line":71,"column":2},"end":{"line":76,"column":4}},"27":{"start":{"line":175,"column":2},"end":{"line":175,"column":23}},"28":{"start":{"line":85,"column":23},"end":{"line":89,"column":1}},"29":{"start":{"line":86,"column":18},"end":{"line":86,"column":37}},"30":{"start":{"line":87,"column":2},"end":{"line":87,"column":51}},"31":{"start":{"line":87,"column":41},"end":{"line":87,"column":51}},"32":{"start":{"line":88,"column":2},"end":{"line":88,"column":55}},"33":{"start":{"line":97,"column":30},"end":{"line":106,"column":1}},"34":{"start":{"line":101,"column":16},"end":{"line":101,"column":46}},"35":{"start":{"line":102,"column":2},"end":{"line":105,"column":4}},"36":{"start":{"line":178,"column":2},"end":{"line":178,"column":23}},"37":{"start":{"line":114,"column":28},"end":{"line":120,"column":1}},"38":{"start":{"line":115,"column":5},"end":{"line":115,"column":7}},"39":{"start":{"line":115,"column":8},"end":{"line":115,"column":27}},"40":{"start":{"line":116,"column":5},"end":{"line":116,"column":7}},"41":{"start":{"line":116,"column":8},"end":{"line":116,"column":23}},"42":{"start":{"line":118,"column":22},"end":{"line":118,"column":31}},"43":{"start":{"line":119,"column":2},"end":{"line":119,"column":47}},"44":{"start":{"line":179,"column":2},"end":{"line":179,"column":21}},"45":{"start":{"line":132,"column":33},"end":{"line":142,"column":1}},"46":{"start":{"line":136,"column":2},"end":{"line":139,"column":null}},"47":{"start":{"line":136,"column":15},"end":{"line":136,"column":16}},"48":{"start":{"line":137,"column":4},"end":{"line":138,"column":36}},"49":{"start":{"line":138,"column":6},"end":{"line":138,"column":36}},"50":{"start":{"line":140,"column":2},"end":{"line":140,"column":79}},"51":{"start":{"line":140,"column":50},"end":{"line":140,"column":79}},"52":{"start":{"line":141,"column":2},"end":{"line":141,"column":41}},"53":{"start":{"line":176,"column":2},"end":{"line":176,"column":26}},"54":{"start":{"line":153,"column":23},"end":{"line":170,"column":1}},"55":{"start":{"line":157,"column":2},"end":{"line":160,"column":null}},"56":{"start":{"line":157,"column":15},"end":{"line":157,"column":16}},"57":{"start":{"line":158,"column":4},"end":{"line":159,"column":36}},"58":{"start":{"line":159,"column":6},"end":{"line":159,"column":36}},"59":{"start":{"line":161,"column":2},"end":{"line":168,"column":null}},"60":{"start":{"line":167,"column":4},"end":{"line":167,"column":33}},"61":{"start":{"line":169,"column":2},"end":{"line":169,"column":41}},"62":{"start":{"line":177,"column":2},"end":{"line":177,"column":16}}},"fnMap":{"0":{"name":"(anonymous_1)","decl":{"start":{"line":14,"column":27},"end":{"line":14,"column":28}},"loc":{"start":{"line":14,"column":56},"end":{"line":16,"column":1}}},"1":{"name":"(anonymous_2)","decl":{"start":{"line":24,"column":39},"end":{"line":24,"column":null}},"loc":{"start":{"line":26,"column":31},"end":{"line":29,"column":1}}},"2":{"name":"(anonymous_3)","decl":{"start":{"line":39,"column":42},"end":{"line":39,"column":null}},"loc":{"start":{"line":42,"column":21},"end":{"line":52,"column":1}}},"3":{"name":"(anonymous_4)","decl":{"start":{"line":61,"column":30},"end":{"line":61,"column":null}},"loc":{"start":{"line":64,"column":21},"end":{"line":77,"column":1}}},"4":{"name":"(anonymous_5)","decl":{"start":{"line":85,"column":23},"end":{"line":85,"column":24}},"loc":{"start":{"line":85,"column":64},"end":{"line":89,"column":1}}},"5":{"name":"(anonymous_6)","decl":{"start":{"line":97,"column":30},"end":{"line":97,"column":null}},"loc":{"start":{"line":99,"column":21},"end":{"line":106,"column":1}}},"6":{"name":"(anonymous_7)","decl":{"start":{"line":114,"column":28},"end":{"line":114,"column":null}},"loc":{"start":{"line":116,"column":23},"end":{"line":120,"column":1}}},"7":{"name":"(anonymous_8)","decl":{"start":{"line":132,"column":33},"end":{"line":132,"column":null}},"loc":{"start":{"line":134,"column":37},"end":{"line":142,"column":1}}},"8":{"name":"(anonymous_9)","decl":{"start":{"line":153,"column":23},"end":{"line":153,"column":null}},"loc":{"start":{"line":155,"column":37},"end":{"line":170,"column":1}}}},"branchMap":{"0":{"loc":{"start":{"line":87,"column":2},"end":{"line":87,"column":51}},"type":"if","locations":[{"start":{"line":87,"column":2},"end":{"line":87,"column":51}},{"start":{"line":87,"column":2},"end":{"line":87,"column":51}}]},"1":{"loc":{"start":{"line":137,"column":4},"end":{"line":138,"column":36}},"type":"if","locations":[{"start":{"line":137,"column":4},"end":{"line":138,"column":36}},{"start":{"line":137,"column":4},"end":{"line":138,"column":36}}]},"2":{"loc":{"start":{"line":140,"column":2},"end":{"line":140,"column":79}},"type":"if","locations":[{"start":{"line":140,"column":2},"end":{"line":140,"column":79}},{"start":{"line":140,"column":2},"end":{"line":140,"column":79}}]},"3":{"loc":{"start":{"line":158,"column":4},"end":{"line":159,"column":36}},"type":"if","locations":[{"start":{"line":158,"column":4},"end":{"line":159,"column":36}},{"start":{"line":158,"column":4},"end":{"line":159,"column":36}}]},"4":{"loc":{"start":{"line":161,"column":2},"end":{"line":168,"column":null}},"type":"if","locations":[{"start":{"line":161,"column":2},"end":{"line":168,"column":null}},{"start":{"line":161,"column":2},"end":{"line":168,"column":null}}]}},"s":{"0":3,"1":3,"2":3,"3":5,"4":3,"5":3,"6":45,"7":45,"8":45,"9":45,"10":45,"11":3,"12":15,"13":15,"14":15,"15":15,"16":15,"17":3,"18":3,"19":13,"20":13,"21":13,"22":13,"23":13,"24":13,"25":13,"26":13,"27":3,"28":3,"29":8,"30":8,"31":3,"32":5,"33":3,"34":8,"35":8,"36":3,"37":3,"38":7,"39":7,"40":7,"41":7,"42":7,"43":7,"44":3,"45":3,"46":3,"47":3,"48":3,"49":1,"50":2,"51":1,"52":1,"53":3,"54":3,"55":4,"56":4,"57":4,"58":2,"59":2,"60":1,"61":1,"62":3},"f":{"0":5,"1":45,"2":15,"3":13,"4":8,"5":8,"6":7,"7":3,"8":4},"b":{"0":[3,5],"1":[1,2],"2":[1,1],"3":[2,2],"4":[1,1]}}
,"/Users/mauricio/Documents/Mercadolibre/sistemaSolar/src/utils/weather-prediction.ts": {"path":"/Users/mauricio/Documents/Mercadolibre/sistemaSolar/src/utils/weather-prediction.ts","statementMap":{"0":{"start":{"line":1,"column":0},"end":{"line":1,"column":59}},"1":{"start":{"line":4,"column":0},"end":{"line":4,"column":58}},"2":{"start":{"line":6,"column":0},"end":{"line":6,"column":null}},"3":{"start":{"line":24,"column":16},"end":{"line":45,"column":1}},"4":{"start":{"line":29,"column":43},"end":{"line":29,"column":64}},"5":{"start":{"line":30,"column":26},"end":{"line":30,"column":71}},"6":{"start":{"line":32,"column":18},"end":{"line":32,"column":63}},"7":{"start":{"line":33,"column":18},"end":{"line":33,"column":63}},"8":{"start":{"line":34,"column":18},"end":{"line":34,"column":63}},"9":{"start":{"line":35,"column":2},"end":{"line":43,"column":6}},"10":{"start":{"line":36,"column":4},"end":{"line":43,"column":6}},"11":{"start":{"line":44,"column":2},"end":{"line":44,"column":54}},"12":{"start":{"line":54,"column":27},"end":{"line":66,"column":1}},"13":{"start":{"line":55,"column":42},"end":{"line":57,"column":null}},"14":{"start":{"line":59,"column":2},"end":{"line":64,"column":null}},"15":{"start":{"line":60,"column":4},"end":{"line":63,"column":6}},"16":{"start":{"line":65,"column":2},"end":{"line":65,"column":62}},"17":{"start":{"line":73,"column":31},"end":{"line":91,"column":1}},"18":{"start":{"line":76,"column":2},"end":{"line":77,"column":56}},"19":{"start":{"line":77,"column":4},"end":{"line":77,"column":56}},"20":{"start":{"line":78,"column":27},"end":{"line":78,"column":67}},"21":{"start":{"line":79,"column":2},"end":{"line":81,"column":null}},"22":{"start":{"line":80,"column":4},"end":{"line":80,"column":32}},"23":{"start":{"line":82,"column":35},"end":{"line":82,"column":64}},"24":{"start":{"line":83,"column":2},"end":{"line":89,"column":null}},"25":{"start":{"line":84,"column":4},"end":{"line":88,"column":6}},"26":{"start":{"line":90,"column":2},"end":{"line":90,"column":54}},"27":{"start":{"line":123,"column":31},"end":{"line":123,"column":53}},"28":{"start":{"line":99,"column":29},"end":{"line":121,"column":1}},"29":{"start":{"line":103,"column":38},"end":{"line":106,"column":4}},"30":{"start":{"line":107,"column":51},"end":{"line":107,"column":60}},"31":{"start":{"line":108,"column":2},"end":{"line":118,"column":null}},"32":{"start":{"line":108,"column":23},"end":{"line":108,"column":30}},"33":{"start":{"line":108,"column":19},"end":{"line":108,"column":23}},"34":{"start":{"line":110,"column":6},"end":{"line":110,"column":63}},"35":{"start":{"line":111,"column":37},"end":{"line":116,"column":6}},"36":{"start":{"line":117,"column":4},"end":{"line":117,"column":49}},"37":{"start":{"line":119,"column":2},"end":{"line":119,"column":53}},"38":{"start":{"line":120,"column":2},"end":{"line":120,"column":24}},"39":{"start":{"line":123,"column":9},"end":{"line":123,"column":29}}},"fnMap":{"0":{"name":"(anonymous_1)","decl":{"start":{"line":24,"column":16},"end":{"line":24,"column":null}},"loc":{"start":{"line":25,"column":37},"end":{"line":45,"column":1}}},"1":{"name":"(anonymous_2)","decl":{"start":{"line":54,"column":27},"end":{"line":54,"column":28}},"loc":{"start":{"line":54,"column":63},"end":{"line":66,"column":1}}},"2":{"name":"(anonymous_3)","decl":{"start":{"line":73,"column":31},"end":{"line":73,"column":null}},"loc":{"start":{"line":74,"column":37},"end":{"line":91,"column":1}}},"3":{"name":"(anonymous_4)","decl":{"start":{"line":99,"column":29},"end":{"line":99,"column":null}},"loc":{"start":{"line":101,"column":20},"end":{"line":121,"column":1}}}},"branchMap":{"0":{"loc":{"start":{"line":35,"column":2},"end":{"line":43,"column":6}},"type":"if","locations":[{"start":{"line":35,"column":2},"end":{"line":43,"column":6}},{"start":{"line":35,"column":2},"end":{"line":43,"column":6}}]},"1":{"loc":{"start":{"line":59,"column":2},"end":{"line":64,"column":null}},"type":"if","locations":[{"start":{"line":59,"column":2},"end":{"line":64,"column":null}},{"start":{"line":59,"column":2},"end":{"line":64,"column":null}}]},"2":{"loc":{"start":{"line":76,"column":2},"end":{"line":77,"column":56}},"type":"if","locations":[{"start":{"line":76,"column":2},"end":{"line":77,"column":56}},{"start":{"line":76,"column":2},"end":{"line":77,"column":56}}]},"3":{"loc":{"start":{"line":79,"column":2},"end":{"line":81,"column":null}},"type":"if","locations":[{"start":{"line":79,"column":2},"end":{"line":81,"column":null}},{"start":{"line":79,"column":2},"end":{"line":81,"column":null}}]},"4":{"loc":{"start":{"line":83,"column":2},"end":{"line":89,"column":null}},"type":"if","locations":[{"start":{"line":83,"column":2},"end":{"line":89,"column":null}},{"start":{"line":83,"column":2},"end":{"line":89,"column":null}}]}},"s":{"0":2,"1":2,"2":2,"3":2,"4":12,"5":3,"6":3,"7":3,"8":3,"9":3,"10":1,"11":2,"12":2,"13":7,"14":7,"15":3,"16":4,"17":2,"18":19,"19":12,"20":7,"21":7,"22":4,"23":3,"24":3,"25":1,"26":2,"27":2,"28":2,"29":13,"30":13,"31":13,"32":26,"33":17,"34":17,"35":17,"36":17,"37":13,"38":13,"39":2},"f":{"0":3,"1":7,"2":19,"3":13},"b":{"0":[1,2],"1":[3,4],"2":[12,7],"3":[4,3],"4":[1,2]}}
,"/Users/mauricio/Documents/Mercadolibre/sistemaSolar/src/validators/planet.ts": {"path":"/Users/mauricio/Documents/Mercadolibre/sistemaSolar/src/validators/planet.ts","statementMap":{"0":{"start":{"line":2,"column":0},"end":{"line":2,"column":64}},"1":{"start":{"line":4,"column":0},"end":{"line":4,"column":39}},"2":{"start":{"line":6,"column":18},"end":{"line":6,"column":33}},"3":{"start":{"line":8,"column":21},"end":{"line":27,"column":2}},"4":{"start":{"line":29,"column":30},"end":{"line":44,"column":1}},"5":{"start":{"line":34,"column":20},"end":{"line":34,"column":46}},"6":{"start":{"line":35,"column":28},"end":{"line":35,"column":71}},"7":{"start":{"line":36,"column":2},"end":{"line":43,"column":null}},"8":{"start":{"line":37,"column":4},"end":{"line":37,"column":32}},"9":{"start":{"line":38,"column":4},"end":{"line":38,"column":11}},"10":{"start":{"line":40,"column":4},"end":{"line":42,"column":53}},"11":{"start":{"line":46,"column":0},"end":{"line":46,"column":37}}},"fnMap":{"0":{"name":"(anonymous_0)","decl":{"start":{"line":29,"column":30},"end":{"line":29,"column":null}},"loc":{"start":{"line":32,"column":20},"end":{"line":44,"column":1}}}},"branchMap":{"0":{"loc":{"start":{"line":36,"column":2},"end":{"line":43,"column":null}},"type":"if","locations":[{"start":{"line":36,"column":2},"end":{"line":43,"column":null}},{"start":{"line":36,"column":2},"end":{"line":43,"column":null}}]}},"s":{"0":1,"1":1,"2":1,"3":1,"4":1,"5":2,"6":2,"7":2,"8":1,"9":1,"10":1,"11":1},"f":{"0":2},"b":{"0":[1,1]}}
,"/Users/mauricio/Documents/Mercadolibre/sistemaSolar/src/validators/weather-prediction.ts": {"path":"/Users/mauricio/Documents/Mercadolibre/sistemaSolar/src/validators/weather-prediction.ts","statementMap":{"0":{"start":{"line":1,"column":0},"end":{"line":1,"column":74}},"1":{"start":{"line":3,"column":0},"end":{"line":3,"column":39}},"2":{"start":{"line":5,"column":18},"end":{"line":5,"column":33}},"3":{"start":{"line":6,"column":17},"end":{"line":6,"column":38}},"4":{"start":{"line":7,"column":20},"end":{"line":7,"column":33}},"5":{"start":{"line":9,"column":18},"end":{"line":12,"column":2}},"6":{"start":{"line":14,"column":31},"end":{"line":18,"column":2}},"7":{"start":{"line":20,"column":34},"end":{"line":40,"column":1}},"8":{"start":{"line":25,"column":19},"end":{"line":25,"column":38}},"9":{"start":{"line":26,"column":2},"end":{"line":26,"column":26}},"10":{"start":{"line":26,"column":19},"end":{"line":26,"column":26}},"11":{"start":{"line":27,"column":2},"end":{"line":27,"column":52}},"12":{"start":{"line":28,"column":28},"end":{"line":30,"column":null}},"13":{"start":{"line":32,"column":2},"end":{"line":39,"column":null}},"14":{"start":{"line":33,"column":4},"end":{"line":33,"column":37}},"15":{"start":{"line":34,"column":4},"end":{"line":34,"column":11}},"16":{"start":{"line":36,"column":4},"end":{"line":38,"column":67}},"17":{"start":{"line":57,"column":29},"end":{"line":57,"column":54}},"18":{"start":{"line":42,"column":27},"end":{"line":55,"column":1}},"19":{"start":{"line":47,"column":17},"end":{"line":47,"column":31}},"20":{"start":{"line":48,"column":28},"end":{"line":48,"column":65}},"21":{"start":{"line":49,"column":2},"end":{"line":54,"column":null}},"22":{"start":{"line":49,"column":45},"end":{"line":49,"column":52}},"23":{"start":{"line":51,"column":4},"end":{"line":53,"column":63}},"24":{"start":{"line":57,"column":9},"end":{"line":57,"column":27}}},"fnMap":{"0":{"name":"(anonymous_0)","decl":{"start":{"line":20,"column":34},"end":{"line":20,"column":null}},"loc":{"start":{"line":23,"column":20},"end":{"line":40,"column":1}}},"1":{"name":"(anonymous_1)","decl":{"start":{"line":42,"column":27},"end":{"line":42,"column":null}},"loc":{"start":{"line":45,"column":20},"end":{"line":55,"column":1}}}},"branchMap":{"0":{"loc":{"start":{"line":26,"column":2},"end":{"line":26,"column":26}},"type":"if","locations":[{"start":{"line":26,"column":2},"end":{"line":26,"column":26}},{"start":{"line":26,"column":2},"end":{"line":26,"column":26}}]},"1":{"loc":{"start":{"line":27,"column":25},"end":{"line":27,"column":27}},"type":"cond-expr","locations":[{"start":{"line":27,"column":25},"end":{"line":27,"column":27}},{"start":{"line":27,"column":15},"end":{"line":27,"column":51}}]},"2":{"loc":{"start":{"line":27,"column":15},"end":{"line":27,"column":27}},"type":"binary-expr","locations":[{"start":{"line":27,"column":15},"end":{"line":27,"column":27}},{"start":{"line":27,"column":15},"end":{"line":27,"column":27}}]},"3":{"loc":{"start":{"line":32,"column":2},"end":{"line":39,"column":null}},"type":"if","locations":[{"start":{"line":32,"column":2},"end":{"line":39,"column":null}},{"start":{"line":32,"column":2},"end":{"line":39,"column":null}}]},"4":{"loc":{"start":{"line":49,"column":2},"end":{"line":54,"column":null}},"type":"if","locations":[{"start":{"line":49,"column":2},"end":{"line":54,"column":null}},{"start":{"line":49,"column":2},"end":{"line":54,"column":null}}]}},"s":{"0":1,"1":1,"2":1,"3":1,"4":1,"5":1,"6":1,"7":1,"8":3,"9":3,"10":1,"11":3,"12":3,"13":3,"14":2,"15":2,"16":1,"17":1,"18":1,"19":2,"20":2,"21":2,"22":1,"23":1,"24":1},"f":{"0":3,"1":2},"b":{"0":[1,2],"1":[1,2],"2":[3,3],"3":[2,1],"4":[1,1]}}
}
