{"/Users/mauricio/Documents/Mercadolibre/sistemaSolar/src/api/planet.ts": {"path":"/Users/mauricio/Documents/Mercadolibre/sistemaSolar/src/api/planet.ts","statementMap":{"0":{"start":{"line":2,"column":0},"end":{"line":2,"column":53}},"1":{"start":{"line":3,"column":0},"end":{"line":3,"column":71}},"2":{"start":{"line":13,"column":69},"end":{"line":25,"column":2}},"3":{"start":{"line":15,"column":15},"end":{"line":25,"column":2}},"4":{"start":{"line":18,"column":26},"end":{"line":18,"column":null}},"5":{"start":{"line":18,"column":10},"end":{"line":18,"column":null}},"6":{"start":{"line":19,"column":4},"end":{"line":19,"column":50}},"7":{"start":{"line":21,"column":4},"end":{"line":23,"column":53}},"8":{"start":{"line":27,"column":0},"end":{"line":27,"column":28}}},"fnMap":{"0":{"name":"(anonymous_13)","decl":{"start":{"line":13,"column":69},"end":{"line":13,"column":null}},"loc":{"start":{"line":15,"column":15},"end":{"line":25,"column":2}}},"1":{"name":"(anonymous_14)","decl":{"start":{"line":15,"column":15},"end":{"line":15,"column":null}},"loc":{"start":{"line":15,"column":15},"end":{"line":25,"column":2}}}},"branchMap":{},"s":{"0":1,"1":1,"2":1,"3":2,"4":2,"5":1,"6":1,"7":1,"8":1},"f":{"0":2,"1":2},"b":{}}
,"/Users/mauricio/Documents/Mercadolibre/sistemaSolar/src/api/weather-prediction.ts": {"path":"/Users/mauricio/Documents/Mercadolibre/sistemaSolar/src/api/weather-prediction.ts","statementMap":{"0":{"start":{"line":2,"column":0},"end":{"line":2,"column":59}},"1":{"start":{"line":4,"column":0},"end":{"line":4,"column":45}},"2":{"start":{"line":6,"column":0},"end":{"line":6,"column":null}},"3":{"start":{"line":22,"column":21},"end":{"line":34,"column":2}},"4":{"start":{"line":22,"column":55},"end":{"line":34,"column":2}},"5":{"start":{"line":24,"column":50},"end":{"line":26,"column":null}},"6":{"start":{"line":24,"column":10},"end":{"line":26,"column":null}},"7":{"start":{"line":27,"column":4},"end":{"line":29,"column":80}},"8":{"start":{"line":31,"column":4},"end":{"line":31,"column":27}},"9":{"start":{"line":32,"column":4},"end":{"line":32,"column":53}},"10":{"start":{"line":96,"column":2},"end":{"line":96,"column":31}},"11":{"start":{"line":46,"column":21},"end":{"line":72,"column":2}},"12":{"start":{"line":46,"column":55},"end":{"line":72,"column":2}},"13":{"start":{"line":48,"column":10},"end":{"line":48,"column":61}},"14":{"start":{"line":49,"column":8},"end":{"line":49,"column":17}},"15":{"start":{"line":50,"column":8},"end":{"line":50,"column":24}},"16":{"start":{"line":52,"column":9},"end":{"line":52,"column":28}},"17":{"start":{"line":52,"column":28},"end":{"line":52,"column":null}},"18":{"start":{"line":51,"column":6},"end":{"line":53,"column":8}},"19":{"start":{"line":55,"column":12},"end":{"line":55,"column":29}},"20":{"start":{"line":56,"column":6},"end":{"line":56,"column":72}},"21":{"start":{"line":57,"column":6},"end":{"line":59,"column":8}},"22":{"start":{"line":60,"column":6},"end":{"line":60,"column":70}},"23":{"start":{"line":61,"column":30},"end":{"line":61,"column":null}},"24":{"start":{"line":61,"column":12},"end":{"line":61,"column":null}},"25":{"start":{"line":62,"column":6},"end":{"line":66,"column":8}},"26":{"start":{"line":68,"column":4},"end":{"line":68,"column":45}},"27":{"start":{"line":70,"column":4},"end":{"line":70,"column":65}},"28":{"start":{"line":97,"column":2},"end":{"line":97,"column":30}},"29":{"start":{"line":83,"column":21},"end":{"line":93,"column":2}},"30":{"start":{"line":83,"column":55},"end":{"line":93,"column":2}},"31":{"start":{"line":85,"column":50},"end":{"line":85,"column":null}},"32":{"start":{"line":85,"column":10},"end":{"line":85,"column":null}},"33":{"start":{"line":86,"column":4},"end":{"line":89,"column":7}},"34":{"start":{"line":91,"column":4},"end":{"line":91,"column":65}},"35":{"start":{"line":98,"column":2},"end":{"line":98,"column":26}}},"fnMap":{"0":{"name":"(anonymous_14)","decl":{"start":{"line":22,"column":21},"end":{"line":22,"column":28}},"loc":{"start":{"line":22,"column":55},"end":{"line":34,"column":2}}},"1":{"name":"(anonymous_15)","decl":{"start":{"line":22,"column":55},"end":{"line":22,"column":null}},"loc":{"start":{"line":22,"column":55},"end":{"line":34,"column":2}}},"2":{"name":"(anonymous_17)","decl":{"start":{"line":46,"column":21},"end":{"line":46,"column":28}},"loc":{"start":{"line":46,"column":55},"end":{"line":72,"column":2}}},"3":{"name":"(anonymous_18)","decl":{"start":{"line":46,"column":55},"end":{"line":46,"column":null}},"loc":{"start":{"line":46,"column":55},"end":{"line":72,"column":2}}},"4":{"name":"(anonymous_20)","decl":{"start":{"line":83,"column":21},"end":{"line":83,"column":28}},"loc":{"start":{"line":83,"column":55},"end":{"line":93,"column":2}}},"5":{"name":"(anonymous_21)","decl":{"start":{"line":83,"column":55},"end":{"line":83,"column":null}},"loc":{"start":{"line":83,"column":55},"end":{"line":93,"column":2}}}},"branchMap":{"0":{"loc":{"start":{"line":48,"column":48},"end":{"line":48,"column":50}},"type":"cond-expr","locations":[{"start":{"line":48,"column":48},"end":{"line":48,"column":50}},{"start":{"line":48,"column":48},"end":{"line":48,"column":60}}]},"1":{"loc":{"start":{"line":48,"column":26},"end":{"line":48,"column":50}},"type":"binary-expr","locations":[{"start":{"line":48,"column":26},"end":{"line":48,"column":50}},{"start":{"line":48,"column":48},"end":{"line":48,"column":50}}]},"2":{"loc":{"start":{"line":50,"column":8},"end":{"line":50,"column":24}},"type":"if","locations":[{"start":{"line":50,"column":8},"end":{"line":50,"column":24}},{"start":{"line":50,"column":8},"end":{"line":50,"column":24}}]}},"s":{"0":1,"1":1,"2":1,"3":1,"4":2,"5":2,"6":1,"7":1,"8":1,"9":1,"10":1,"11":1,"12":3,"13":3,"14":3,"15":4,"16":2,"17":2,"18":1,"19":1,"20":1,"21":1,"22":1,"23":1,"24":1,"25":1,"26":2,"27":1,"28":1,"29":1,"30":1,"31":1,"32":1,"33":1,"34":0,"35":1},"f":{"0":2,"1":2,"2":3,"3":3,"4":1,"5":1},"b":{"0":[1,2],"1":[3,3],"2":[1,2]}}
,"/Users/mauricio/Documents/Mercadolibre/sistemaSolar/src/config/env.ts": {"path":"/Users/mauricio/Documents/Mercadolibre/sistemaSolar/src/config/env.ts","statementMap":{"0":{"start":{"line":1,"column":0},"end":{"line":1,"column":38}},"1":{"start":{"line":4,"column":0},"end":{"line":4,"column":61}},"2":{"start":{"line":13,"column":0},"end":{"line":13,"column":32}},"3":{"start":{"line":15,"column":0},"end":{"line":42,"column":2}}},"fnMap":{},"branchMap":{"0":{"loc":{"start":{"line":4,"column":23},"end":{"line":4,"column":43}},"type":"binary-expr","locations":[{"start":{"line":4,"column":23},"end":{"line":4,"column":43}},{"start":{"line":4,"column":47},"end":{"line":4,"column":60}}]},"1":{"loc":{"start":{"line":22,"column":26},"end":{"line":22,"column":56}},"type":"binary-expr","locations":[{"start":{"line":22,"column":26},"end":{"line":22,"column":56}},{"start":{"line":22,"column":60},"end":{"line":22,"column":63}}]},"2":{"loc":{"start":{"line":29,"column":13},"end":{"line":29,"column":38}},"type":"binary-expr","locations":[{"start":{"line":29,"column":13},"end":{"line":29,"column":38}},{"start":{"line":29,"column":42},"end":{"line":29,"column":46}}]},"3":{"loc":{"start":{"line":35,"column":15},"end":{"line":35,"column":34}},"type":"binary-expr","locations":[{"start":{"line":35,"column":15},"end":{"line":35,"column":34}},{"start":{"line":35,"column":38},"end":{"line":35,"column":40}}]},"4":{"loc":{"start":{"line":38,"column":11},"end":{"line":38,"column":32}},"type":"binary-expr","locations":[{"start":{"line":38,"column":11},"end":{"line":38,"column":32}},{"start":{"line":38,"column":36},"end":{"line":38,"column":43}}]}},"s":{"0":8,"1":8,"2":8,"3":8},"f":{},"b":{"0":[8,0],"1":[8,8],"2":[8,8],"3":[8,8],"4":[8,8]}}
,"/Users/mauricio/Documents/Mercadolibre/sistemaSolar/src/config/loaders/logger.ts": {"path":"/Users/mauricio/Documents/Mercadolibre/sistemaSolar/src/config/loaders/logger.ts","statementMap":{"0":{"start":{"line":1,"column":0},"end":{"line":1,"column":30}},"1":{"start":{"line":2,"column":0},"end":{"line":2,"column":35}},"2":{"start":{"line":4,"column":19},"end":{"line":4,"column":21}},"3":{"start":{"line":5,"column":0},"end":{"line":16,"column":null}},"4":{"start":{"line":6,"column":2},"end":{"line":6,"column":52}},"5":{"start":{"line":8,"column":2},"end":{"line":15,"column":4}},"6":{"start":{"line":18,"column":23},"end":{"line":30,"column":2}},"7":{"start":{"line":32,"column":0},"end":{"line":32,"column":30}}},"fnMap":{},"branchMap":{"0":{"loc":{"start":{"line":5,"column":0},"end":{"line":16,"column":null}},"type":"if","locations":[{"start":{"line":5,"column":0},"end":{"line":16,"column":null}},{"start":{"line":5,"column":0},"end":{"line":16,"column":null}}]}},"s":{"0":3,"1":3,"2":3,"3":3,"4":3,"5":0,"6":3,"7":3},"f":{},"b":{"0":[3,0]}}
,"/Users/mauricio/Documents/Mercadolibre/sistemaSolar/src/config/loaders/redis.ts": {"path":"/Users/mauricio/Documents/Mercadolibre/sistemaSolar/src/config/loaders/redis.ts","statementMap":{"0":{"start":{"line":1,"column":0},"end":{"line":1,"column":42}},"1":{"start":{"line":2,"column":0},"end":{"line":2,"column":25}},"2":{"start":{"line":3,"column":0},"end":{"line":3,"column":30}},"3":{"start":{"line":5,"column":22},"end":{"line":5,"column":68}},"4":{"start":{"line":7,"column":0},"end":{"line":9,"column":3}},"5":{"start":{"line":8,"column":2},"end":{"line":8,"column":20}},"6":{"start":{"line":11,"column":0},"end":{"line":11,"column":29}}},"fnMap":{"0":{"name":"(anonymous_1)","decl":{"start":{"line":7,"column":26},"end":{"line":7,"column":27}},"loc":{"start":{"line":7,"column":30},"end":{"line":9,"column":1}}}},"branchMap":{},"s":{"0":1,"1":1,"2":1,"3":1,"4":1,"5":0,"6":1},"f":{"0":0},"b":{}}
,"/Users/mauricio/Documents/Mercadolibre/sistemaSolar/src/events/events.ts": {"path":"/Users/mauricio/Documents/Mercadolibre/sistemaSolar/src/events/events.ts","statementMap":{"0":{"start":{"line":1,"column":0},"end":{"line":8,"column":2}}},"fnMap":{},"branchMap":{},"s":{"0":1},"f":{},"b":{}}
,"/Users/mauricio/Documents/Mercadolibre/sistemaSolar/src/jobs/weather-prediction.ts": {"path":"/Users/mauricio/Documents/Mercadolibre/sistemaSolar/src/jobs/weather-prediction.ts","statementMap":{"0":{"start":{"line":1,"column":0},"end":{"line":1,"column":32}},"1":{"start":{"line":2,"column":0},"end":{"line":2,"column":46}},"2":{"start":{"line":3,"column":0},"end":{"line":3,"column":55}},"3":{"start":{"line":4,"column":0},"end":{"line":4,"column":67}},"4":{"start":{"line":5,"column":0},"end":{"line":5,"column":null}},"5":{"start":{"line":10,"column":36},"end":{"line":34,"column":2}},"6":{"start":{"line":12,"column":11},"end":{"line":34,"column":2}},"7":{"start":{"line":15,"column":4},"end":{"line":15,"column":52}},"8":{"start":{"line":16,"column":33},"end":{"line":16,"column":null}},"9":{"start":{"line":16,"column":10},"end":{"line":16,"column":null}},"10":{"start":{"line":17,"column":8},"end":{"line":17,"column":71}},"11":{"start":{"line":18,"column":4},"end":{"line":18,"column":14}},"12":{"start":{"line":19,"column":20},"end":{"line":23,"column":null}},"13":{"start":{"line":19,"column":10},"end":{"line":23,"column":null}},"14":{"start":{"line":24,"column":4},"end":{"line":28,"column":6}},"15":{"start":{"line":29,"column":4},"end":{"line":29,"column":11}},"16":{"start":{"line":31,"column":4},"end":{"line":31,"column":49}},"17":{"start":{"line":32,"column":4},"end":{"line":32,"column":12}},"18":{"start":{"line":36,"column":0},"end":{"line":36,"column":43}}},"fnMap":{"0":{"name":"(anonymous_14)","decl":{"start":{"line":10,"column":36},"end":{"line":10,"column":null}},"loc":{"start":{"line":12,"column":11},"end":{"line":34,"column":2}}},"1":{"name":"(anonymous_15)","decl":{"start":{"line":12,"column":11},"end":{"line":12,"column":null}},"loc":{"start":{"line":12,"column":11},"end":{"line":34,"column":2}}}},"branchMap":{"0":{"loc":{"start":{"line":17,"column":41},"end":{"line":17,"column":65}},"type":"cond-expr","locations":[{"start":{"line":17,"column":41},"end":{"line":17,"column":65}},{"start":{"line":17,"column":68},"end":{"line":17,"column":70}}]}},"s":{"0":1,"1":1,"2":1,"3":1,"4":1,"5":1,"6":1,"7":1,"8":1,"9":1,"10":1,"11":1,"12":1,"13":1,"14":1,"15":0,"16":1,"17":1,"18":1},"f":{"0":1,"1":1},"b":{"0":[1,0]}}
,"/Users/mauricio/Documents/Mercadolibre/sistemaSolar/src/models/enums/galaxy-weather.ts": {"path":"/Users/mauricio/Documents/Mercadolibre/sistemaSolar/src/models/enums/galaxy-weather.ts","statementMap":{"0":{"start":{"line":5,"column":0},"end":{"line":5,"column":null}},"1":{"start":{"line":6,"column":2},"end":{"line":6,"column":null}},"2":{"start":{"line":7,"column":2},"end":{"line":7,"column":null}},"3":{"start":{"line":8,"column":2},"end":{"line":8,"column":null}},"4":{"start":{"line":9,"column":2},"end":{"line":9,"column":null}},"5":{"start":{"line":12,"column":0},"end":{"line":12,"column":29}}},"fnMap":{"0":{"name":"(anonymous_0)","decl":{"start":{"line":5,"column":0},"end":{"line":5,"column":5}},"loc":{"start":{"line":5,"column":18},"end":{"line":10,"column":1}}}},"branchMap":{"0":{"loc":{"start":{"line":5,"column":5},"end":{"line":5,"column":18}},"type":"binary-expr","locations":[{"start":{"line":5,"column":5},"end":{"line":5,"column":18}},{"start":{"line":5,"column":5},"end":{"line":5,"column":null}}]}},"s":{"0":5,"1":5,"2":5,"3":5,"4":5,"5":5},"f":{"0":5},"b":{"0":[5,5]}}
,"/Users/mauricio/Documents/Mercadolibre/sistemaSolar/src/services/planet.ts": {"path":"/Users/mauricio/Documents/Mercadolibre/sistemaSolar/src/services/planet.ts","statementMap":{"0":{"start":{"line":2,"column":0},"end":{"line":2,"column":46}},"1":{"start":{"line":3,"column":0},"end":{"line":3,"column":48}},"2":{"start":{"line":5,"column":0},"end":{"line":5,"column":null}},"3":{"start":{"line":15,"column":24},"end":{"line":24,"column":2}},"4":{"start":{"line":15,"column":54},"end":{"line":24,"column":2}},"5":{"start":{"line":17,"column":26},"end":{"line":17,"column":null}},"6":{"start":{"line":17,"column":10},"end":{"line":17,"column":null}},"7":{"start":{"line":18,"column":4},"end":{"line":18,"column":25}},"8":{"start":{"line":20,"column":4},"end":{"line":20,"column":57}},"9":{"start":{"line":21,"column":4},"end":{"line":21,"column":20}},"10":{"start":{"line":22,"column":4},"end":{"line":22,"column":12}},"11":{"start":{"line":44,"column":9},"end":{"line":44,"column":24}},"12":{"start":{"line":31,"column":26},"end":{"line":42,"column":2}},"13":{"start":{"line":31,"column":54},"end":{"line":42,"column":2}},"14":{"start":{"line":33,"column":27},"end":{"line":35,"column":null}},"15":{"start":{"line":33,"column":10},"end":{"line":35,"column":null}},"16":{"start":{"line":36,"column":4},"end":{"line":36,"column":26}},"17":{"start":{"line":38,"column":4},"end":{"line":38,"column":56}},"18":{"start":{"line":39,"column":4},"end":{"line":39,"column":20}},"19":{"start":{"line":40,"column":4},"end":{"line":40,"column":12}},"20":{"start":{"line":44,"column":26},"end":{"line":44,"column":43}}},"fnMap":{"0":{"name":"(anonymous_14)","decl":{"start":{"line":15,"column":24},"end":{"line":15,"column":31}},"loc":{"start":{"line":15,"column":54},"end":{"line":24,"column":2}}},"1":{"name":"(anonymous_15)","decl":{"start":{"line":15,"column":54},"end":{"line":15,"column":null}},"loc":{"start":{"line":15,"column":54},"end":{"line":24,"column":2}}},"2":{"name":"(anonymous_17)","decl":{"start":{"line":31,"column":26},"end":{"line":31,"column":33}},"loc":{"start":{"line":31,"column":54},"end":{"line":42,"column":2}}},"3":{"name":"(anonymous_18)","decl":{"start":{"line":31,"column":54},"end":{"line":31,"column":null}},"loc":{"start":{"line":31,"column":54},"end":{"line":42,"column":2}}}},"branchMap":{},"s":{"0":1,"1":1,"2":1,"3":1,"4":2,"5":2,"6":1,"7":1,"8":1,"9":1,"10":1,"11":1,"12":1,"13":1,"14":1,"15":1,"16":1,"17":0,"18":0,"19":0,"20":1},"f":{"0":2,"1":2,"2":1,"3":1},"b":{}}
,"/Users/mauricio/Documents/Mercadolibre/sistemaSolar/src/services/weather-prediction.ts": {"path":"/Users/mauricio/Documents/Mercadolibre/sistemaSolar/src/services/weather-prediction.ts","statementMap":{"0":{"start":{"line":1,"column":0},"end":{"line":1,"column":32}},"1":{"start":{"line":2,"column":0},"end":{"line":2,"column":38}},"2":{"start":{"line":5,"column":0},"end":{"line":5,"column":46}},"3":{"start":{"line":6,"column":0},"end":{"line":6,"column":52}},"4":{"start":{"line":7,"column":0},"end":{"line":7,"column":33}},"5":{"start":{"line":8,"column":0},"end":{"line":8,"column":71}},"6":{"start":{"line":9,"column":0},"end":{"line":9,"column":null}},"7":{"start":{"line":20,"column":0},"end":{"line":20,"column":null}},"8":{"start":{"line":25,"column":17},"end":{"line":25,"column":65}},"9":{"start":{"line":32,"column":33},"end":{"line":38,"column":2}},"10":{"start":{"line":32,"column":55},"end":{"line":38,"column":2}},"11":{"start":{"line":33,"column":2},"end":{"line":33,"column":46}},"12":{"start":{"line":34,"column":9},"end":{"line":37,"column":5}},"13":{"start":{"line":34,"column":2},"end":{"line":37,"column":5}},"14":{"start":{"line":223,"column":2},"end":{"line":223,"column":26}},"15":{"start":{"line":45,"column":38},"end":{"line":59,"column":2}},"16":{"start":{"line":45,"column":56},"end":{"line":59,"column":2}},"17":{"start":{"line":46,"column":2},"end":{"line":46,"column":48}},"18":{"start":{"line":48,"column":30},"end":{"line":48,"column":null}},"19":{"start":{"line":48,"column":10},"end":{"line":48,"column":null}},"20":{"start":{"line":49,"column":4},"end":{"line":52,"column":null}},"21":{"start":{"line":50,"column":6},"end":{"line":50,"column":49}},"22":{"start":{"line":51,"column":6},"end":{"line":51,"column":18}},"23":{"start":{"line":53,"column":4},"end":{"line":53,"column":63}},"24":{"start":{"line":55,"column":4},"end":{"line":55,"column":57}},"25":{"start":{"line":56,"column":4},"end":{"line":56,"column":19}},"26":{"start":{"line":57,"column":4},"end":{"line":57,"column":16}},"27":{"start":{"line":66,"column":29},"end":{"line":83,"column":2}},"28":{"start":{"line":67,"column":13},"end":{"line":83,"column":2}},"29":{"start":{"line":70,"column":29},"end":{"line":70,"column":null}},"30":{"start":{"line":70,"column":10},"end":{"line":70,"column":null}},"31":{"start":{"line":71,"column":4},"end":{"line":71,"column":50}},"32":{"start":{"line":71,"column":26},"end":{"line":71,"column":50}},"33":{"start":{"line":72,"column":30},"end":{"line":72,"column":null}},"34":{"start":{"line":72,"column":10},"end":{"line":72,"column":null}},"35":{"start":{"line":73,"column":4},"end":{"line":75,"column":null}},"36":{"start":{"line":74,"column":6},"end":{"line":74,"column":64}},"37":{"start":{"line":76,"column":4},"end":{"line":76,"column":60}},"38":{"start":{"line":77,"column":4},"end":{"line":77,"column":29}},"39":{"start":{"line":79,"column":4},"end":{"line":79,"column":56}},"40":{"start":{"line":80,"column":4},"end":{"line":80,"column":20}},"41":{"start":{"line":81,"column":4},"end":{"line":81,"column":12}},"42":{"start":{"line":224,"column":2},"end":{"line":224,"column":22}},"43":{"start":{"line":89,"column":34},"end":{"line":101,"column":2}},"44":{"start":{"line":91,"column":35},"end":{"line":94,"column":null}},"45":{"start":{"line":91,"column":10},"end":{"line":94,"column":null}},"46":{"start":{"line":95,"column":4},"end":{"line":95,"column":37}},"47":{"start":{"line":97,"column":4},"end":{"line":97,"column":52}},"48":{"start":{"line":98,"column":4},"end":{"line":98,"column":20}},"49":{"start":{"line":99,"column":4},"end":{"line":99,"column":12}},"50":{"start":{"line":219,"column":2},"end":{"line":219,"column":27}},"51":{"start":{"line":110,"column":55},"end":{"line":128,"column":2}},"52":{"start":{"line":112,"column":16},"end":{"line":128,"column":2}},"53":{"start":{"line":115,"column":32},"end":{"line":121,"column":null}},"54":{"start":{"line":115,"column":10},"end":{"line":121,"column":null}},"55":{"start":{"line":122,"column":4},"end":{"line":122,"column":34}},"56":{"start":{"line":124,"column":4},"end":{"line":124,"column":42}},"57":{"start":{"line":125,"column":4},"end":{"line":125,"column":20}},"58":{"start":{"line":126,"column":4},"end":{"line":126,"column":12}},"59":{"start":{"line":222,"column":2},"end":{"line":222,"column":48}},"60":{"start":{"line":134,"column":51},"end":{"line":147,"column":2}},"61":{"start":{"line":138,"column":41},"end":{"line":140,"column":null}},"62":{"start":{"line":138,"column":10},"end":{"line":140,"column":null}},"63":{"start":{"line":141,"column":4},"end":{"line":141,"column":43}},"64":{"start":{"line":143,"column":4},"end":{"line":143,"column":41}},"65":{"start":{"line":144,"column":4},"end":{"line":144,"column":20}},"66":{"start":{"line":145,"column":4},"end":{"line":145,"column":12}},"67":{"start":{"line":221,"column":2},"end":{"line":221,"column":44}},"68":{"start":{"line":154,"column":32},"end":{"line":168,"column":2}},"69":{"start":{"line":156,"column":16},"end":{"line":168,"column":2}},"70":{"start":{"line":159,"column":4},"end":{"line":162,"column":6}},"71":{"start":{"line":164,"column":4},"end":{"line":164,"column":39}},"72":{"start":{"line":165,"column":4},"end":{"line":165,"column":20}},"73":{"start":{"line":166,"column":4},"end":{"line":166,"column":12}},"74":{"start":{"line":220,"column":2},"end":{"line":220,"column":25}},"75":{"start":{"line":177,"column":35},"end":{"line":215,"column":2}},"76":{"start":{"line":180,"column":20},"end":{"line":215,"column":2}},"77":{"start":{"line":182,"column":8},"end":{"line":182,"column":25}},"78":{"start":{"line":184,"column":4},"end":{"line":184,"column":61}},"79":{"start":{"line":185,"column":40},"end":{"line":185,"column":null}},"80":{"start":{"line":185,"column":10},"end":{"line":185,"column":null}},"81":{"start":{"line":186,"column":8},"end":{"line":188,"column":11}},"82":{"start":{"line":189,"column":4},"end":{"line":203,"column":null}},"83":{"start":{"line":190,"column":12},"end":{"line":190,"column":71}},"84":{"start":{"line":191,"column":12},"end":{"line":193,"column":8}},"85":{"start":{"line":194,"column":12},"end":{"line":200,"column":8}},"86":{"start":{"line":201,"column":6},"end":{"line":201,"column":57}},"87":{"start":{"line":202,"column":6},"end":{"line":202,"column":74}},"88":{"start":{"line":204,"column":4},"end":{"line":204,"column":35}},"89":{"start":{"line":205,"column":4},"end":{"line":209,"column":6}},"90":{"start":{"line":211,"column":4},"end":{"line":211,"column":58}},"91":{"start":{"line":212,"column":4},"end":{"line":212,"column":20}},"92":{"start":{"line":213,"column":4},"end":{"line":213,"column":12}},"93":{"start":{"line":218,"column":2},"end":{"line":218,"column":28}}},"fnMap":{"0":{"name":"(anonymous_14)","decl":{"start":{"line":32,"column":33},"end":{"line":32,"column":40}},"loc":{"start":{"line":32,"column":55},"end":{"line":38,"column":2}}},"1":{"name":"(anonymous_15)","decl":{"start":{"line":32,"column":55},"end":{"line":32,"column":null}},"loc":{"start":{"line":32,"column":55},"end":{"line":38,"column":2}}},"2":{"name":"(anonymous_17)","decl":{"start":{"line":45,"column":38},"end":{"line":45,"column":45}},"loc":{"start":{"line":45,"column":56},"end":{"line":59,"column":2}}},"3":{"name":"(anonymous_18)","decl":{"start":{"line":45,"column":56},"end":{"line":45,"column":null}},"loc":{"start":{"line":45,"column":56},"end":{"line":59,"column":2}}},"4":{"name":"(anonymous_20)","decl":{"start":{"line":66,"column":29},"end":{"line":66,"column":null}},"loc":{"start":{"line":67,"column":13},"end":{"line":83,"column":2}}},"5":{"name":"(anonymous_21)","decl":{"start":{"line":67,"column":13},"end":{"line":67,"column":null}},"loc":{"start":{"line":67,"column":13},"end":{"line":83,"column":2}}},"6":{"name":"(anonymous_23)","decl":{"start":{"line":89,"column":34},"end":{"line":89,"column":null}},"loc":{"start":{"line":89,"column":34},"end":{"line":101,"column":2}}},"7":{"name":"(anonymous_26)","decl":{"start":{"line":110,"column":55},"end":{"line":110,"column":null}},"loc":{"start":{"line":112,"column":16},"end":{"line":128,"column":2}}},"8":{"name":"(anonymous_27)","decl":{"start":{"line":112,"column":16},"end":{"line":112,"column":null}},"loc":{"start":{"line":112,"column":16},"end":{"line":128,"column":2}}},"9":{"name":"(anonymous_29)","decl":{"start":{"line":134,"column":51},"end":{"line":134,"column":null}},"loc":{"start":{"line":134,"column":51},"end":{"line":147,"column":2}}},"10":{"name":"(anonymous_32)","decl":{"start":{"line":154,"column":32},"end":{"line":154,"column":null}},"loc":{"start":{"line":156,"column":16},"end":{"line":168,"column":2}}},"11":{"name":"(anonymous_33)","decl":{"start":{"line":156,"column":16},"end":{"line":156,"column":null}},"loc":{"start":{"line":156,"column":16},"end":{"line":168,"column":2}}},"12":{"name":"(anonymous_35)","decl":{"start":{"line":177,"column":35},"end":{"line":177,"column":null}},"loc":{"start":{"line":180,"column":20},"end":{"line":215,"column":2}}},"13":{"name":"(anonymous_36)","decl":{"start":{"line":180,"column":20},"end":{"line":180,"column":null}},"loc":{"start":{"line":180,"column":20},"end":{"line":215,"column":2}}}},"branchMap":{"0":{"loc":{"start":{"line":34,"column":2},"end":{"line":37,"column":5}},"type":"switch","locations":[{"start":{"line":34,"column":2},"end":{"line":37,"column":5}}]},"1":{"loc":{"start":{"line":49,"column":4},"end":{"line":52,"column":null}},"type":"if","locations":[{"start":{"line":49,"column":4},"end":{"line":52,"column":null}},{"start":{"line":49,"column":4},"end":{"line":52,"column":null}}]},"2":{"loc":{"start":{"line":71,"column":4},"end":{"line":71,"column":50}},"type":"if","locations":[{"start":{"line":71,"column":4},"end":{"line":71,"column":50}},{"start":{"line":71,"column":4},"end":{"line":71,"column":50}}]},"3":{"loc":{"start":{"line":73,"column":4},"end":{"line":75,"column":null}},"type":"if","locations":[{"start":{"line":73,"column":4},"end":{"line":75,"column":null}},{"start":{"line":73,"column":4},"end":{"line":75,"column":null}}]},"4":{"loc":{"start":{"line":187,"column":8},"end":{"line":187,"column":43}},"type":"cond-expr","locations":[{"start":{"line":187,"column":8},"end":{"line":187,"column":43}},{"start":{"line":188,"column":8},"end":{"line":188,"column":10}}]}},"s":{"0":1,"1":1,"2":1,"3":1,"4":1,"5":1,"6":1,"7":1,"8":1,"9":1,"10":2,"11":2,"12":2,"13":2,"14":1,"15":1,"16":2,"17":2,"18":2,"19":2,"20":2,"21":2,"22":2,"23":0,"24":0,"25":0,"26":0,"27":1,"28":2,"29":2,"30":2,"31":2,"32":0,"33":2,"34":2,"35":2,"36":1,"37":1,"38":1,"39":1,"40":1,"41":1,"42":1,"43":4,"44":3,"45":3,"46":3,"47":0,"48":0,"49":0,"50":1,"51":1,"52":2,"53":2,"54":1,"55":1,"56":1,"57":1,"58":1,"59":1,"60":2,"61":1,"62":1,"63":1,"64":0,"65":0,"66":0,"67":1,"68":1,"69":2,"70":3,"71":1,"72":1,"73":1,"74":1,"75":1,"76":2,"77":2,"78":2,"79":2,"80":2,"81":2,"82":2,"83":11,"84":11,"85":11,"86":11,"87":11,"88":2,"89":1,"90":1,"91":1,"92":1,"93":1},"f":{"0":2,"1":2,"2":2,"3":2,"4":2,"5":2,"6":6,"7":2,"8":2,"9":2,"10":2,"11":2,"12":2,"13":2},"b":{"0":[2],"1":[2,0],"2":[0,2],"3":[1,1],"4":[2,0]}}
,"/Users/mauricio/Documents/Mercadolibre/sistemaSolar/src/tests/data/math.ts": {"path":"/Users/mauricio/Documents/Mercadolibre/sistemaSolar/src/tests/data/math.ts","statementMap":{"0":{"start":{"line":3,"column":28},"end":{"line":6,"column":2}},"1":{"start":{"line":23,"column":9},"end":{"line":23,"column":15}},"2":{"start":{"line":8,"column":28},"end":{"line":11,"column":2}},"3":{"start":{"line":23,"column":17},"end":{"line":23,"column":23}},"4":{"start":{"line":13,"column":28},"end":{"line":16,"column":2}},"5":{"start":{"line":23,"column":25},"end":{"line":23,"column":31}},"6":{"start":{"line":18,"column":28},"end":{"line":21,"column":2}},"7":{"start":{"line":23,"column":33},"end":{"line":23,"column":39}}},"fnMap":{},"branchMap":{},"s":{"0":1,"1":1,"2":1,"3":1,"4":1,"5":1,"6":1,"7":1},"f":{},"b":{}}
,"/Users/mauricio/Documents/Mercadolibre/sistemaSolar/src/tests/data/planet.ts": {"path":"/Users/mauricio/Documents/Mercadolibre/sistemaSolar/src/tests/data/planet.ts","statementMap":{"0":{"start":{"line":3,"column":37},"end":{"line":8,"column":2}},"1":{"start":{"line":24,"column":9},"end":{"line":24,"column":28}},"2":{"start":{"line":10,"column":38},"end":{"line":15,"column":2}},"3":{"start":{"line":24,"column":30},"end":{"line":24,"column":50}},"4":{"start":{"line":17,"column":39},"end":{"line":22,"column":2}},"5":{"start":{"line":24,"column":52},"end":{"line":24,"column":73}}},"fnMap":{},"branchMap":{},"s":{"0":4,"1":4,"2":4,"3":4,"4":4,"5":4},"f":{},"b":{}}
,"/Users/mauricio/Documents/Mercadolibre/sistemaSolar/src/tests/data/weather-prediction.ts": {"path":"/Users/mauricio/Documents/Mercadolibre/sistemaSolar/src/tests/data/weather-prediction.ts","statementMap":{"0":{"start":{"line":1,"column":0},"end":{"line":1,"column":62}},"1":{"start":{"line":6,"column":25},"end":{"line":11,"column":2}},"2":{"start":{"line":113,"column":2},"end":{"line":113,"column":9}},"3":{"start":{"line":13,"column":25},"end":{"line":18,"column":2}},"4":{"start":{"line":114,"column":2},"end":{"line":114,"column":9}},"5":{"start":{"line":20,"column":25},"end":{"line":25,"column":2}},"6":{"start":{"line":115,"column":2},"end":{"line":115,"column":9}},"7":{"start":{"line":27,"column":35},"end":{"line":30,"column":2}},"8":{"start":{"line":116,"column":2},"end":{"line":116,"column":15}},"9":{"start":{"line":32,"column":38},"end":{"line":35,"column":2}},"10":{"start":{"line":121,"column":2},"end":{"line":121,"column":18}},"11":{"start":{"line":37,"column":38},"end":{"line":40,"column":2}},"12":{"start":{"line":122,"column":2},"end":{"line":122,"column":18}},"13":{"start":{"line":42,"column":38},"end":{"line":45,"column":2}},"14":{"start":{"line":123,"column":2},"end":{"line":123,"column":18}},"15":{"start":{"line":47,"column":41},"end":{"line":50,"column":2}},"16":{"start":{"line":124,"column":2},"end":{"line":124,"column":21}},"17":{"start":{"line":52,"column":41},"end":{"line":55,"column":2}},"18":{"start":{"line":125,"column":2},"end":{"line":125,"column":21}},"19":{"start":{"line":57,"column":41},"end":{"line":60,"column":2}},"20":{"start":{"line":126,"column":2},"end":{"line":126,"column":21}},"21":{"start":{"line":62,"column":41},"end":{"line":65,"column":2}},"22":{"start":{"line":117,"column":2},"end":{"line":117,"column":21}},"23":{"start":{"line":67,"column":41},"end":{"line":70,"column":2}},"24":{"start":{"line":118,"column":2},"end":{"line":118,"column":21}},"25":{"start":{"line":72,"column":41},"end":{"line":75,"column":2}},"26":{"start":{"line":119,"column":2},"end":{"line":119,"column":21}},"27":{"start":{"line":77,"column":41},"end":{"line":80,"column":2}},"28":{"start":{"line":127,"column":2},"end":{"line":127,"column":21}},"29":{"start":{"line":82,"column":41},"end":{"line":85,"column":2}},"30":{"start":{"line":128,"column":2},"end":{"line":128,"column":21}},"31":{"start":{"line":87,"column":41},"end":{"line":90,"column":2}},"32":{"start":{"line":129,"column":2},"end":{"line":129,"column":21}},"33":{"start":{"line":92,"column":41},"end":{"line":95,"column":2}},"34":{"start":{"line":130,"column":2},"end":{"line":130,"column":21}},"35":{"start":{"line":97,"column":41},"end":{"line":100,"column":2}},"36":{"start":{"line":131,"column":2},"end":{"line":131,"column":21}},"37":{"start":{"line":102,"column":41},"end":{"line":105,"column":2}},"38":{"start":{"line":132,"column":2},"end":{"line":132,"column":21}},"39":{"start":{"line":107,"column":47},"end":{"line":110,"column":2}},"40":{"start":{"line":120,"column":2},"end":{"line":120,"column":20}}},"fnMap":{},"branchMap":{},"s":{"0":2,"1":2,"2":2,"3":2,"4":2,"5":2,"6":2,"7":2,"8":2,"9":2,"10":2,"11":2,"12":2,"13":2,"14":2,"15":2,"16":2,"17":2,"18":2,"19":2,"20":2,"21":2,"22":2,"23":2,"24":2,"25":2,"26":2,"27":2,"28":2,"29":2,"30":2,"31":2,"32":2,"33":2,"34":2,"35":2,"36":2,"37":2,"38":2,"39":2,"40":2},"f":{},"b":{}}
,"/Users/mauricio/Documents/Mercadolibre/sistemaSolar/src/utils/global.ts": {"path":"/Users/mauricio/Documents/Mercadolibre/sistemaSolar/src/utils/global.ts","statementMap":{"0":{"start":{"line":1,"column":0},"end":{"line":1,"column":32}},"1":{"start":{"line":3,"column":19},"end":{"line":10,"column":2}},"2":{"start":{"line":136,"column":2},"end":{"line":136,"column":12}},"3":{"start":{"line":12,"column":33},"end":{"line":16,"column":2}},"4":{"start":{"line":139,"column":2},"end":{"line":139,"column":26}},"5":{"start":{"line":18,"column":29},"end":{"line":22,"column":2}},"6":{"start":{"line":131,"column":2},"end":{"line":131,"column":22}},"7":{"start":{"line":24,"column":34},"end":{"line":28,"column":2}},"8":{"start":{"line":145,"column":2},"end":{"line":145,"column":27}},"9":{"start":{"line":30,"column":29},"end":{"line":35,"column":2}},"10":{"start":{"line":129,"column":2},"end":{"line":129,"column":22}},"11":{"start":{"line":37,"column":33},"end":{"line":39,"column":2}},"12":{"start":{"line":134,"column":2},"end":{"line":134,"column":26}},"13":{"start":{"line":41,"column":25},"end":{"line":45,"column":2}},"14":{"start":{"line":130,"column":2},"end":{"line":130,"column":18}},"15":{"start":{"line":47,"column":36},"end":{"line":50,"column":2}},"16":{"start":{"line":146,"column":2},"end":{"line":146,"column":29}},"17":{"start":{"line":52,"column":35},"end":{"line":54,"column":2}},"18":{"start":{"line":148,"column":2},"end":{"line":148,"column":28}},"19":{"start":{"line":56,"column":26},"end":{"line":58,"column":2}},"20":{"start":{"line":140,"column":2},"end":{"line":140,"column":19}},"21":{"start":{"line":60,"column":25},"end":{"line":65,"column":2}},"22":{"start":{"line":142,"column":2},"end":{"line":142,"column":18}},"23":{"start":{"line":67,"column":29},"end":{"line":70,"column":2}},"24":{"start":{"line":147,"column":2},"end":{"line":147,"column":22}},"25":{"start":{"line":72,"column":27},"end":{"line":76,"column":2}},"26":{"start":{"line":132,"column":2},"end":{"line":132,"column":20}},"27":{"start":{"line":78,"column":26},"end":{"line":82,"column":2}},"28":{"start":{"line":133,"column":2},"end":{"line":133,"column":19}},"29":{"start":{"line":84,"column":24},"end":{"line":88,"column":2}},"30":{"start":{"line":143,"column":2},"end":{"line":143,"column":17}},"31":{"start":{"line":90,"column":23},"end":{"line":101,"column":2}},"32":{"start":{"line":141,"column":2},"end":{"line":141,"column":16}},"33":{"start":{"line":103,"column":23},"end":{"line":103,"column":28}},"34":{"start":{"line":128,"column":2},"end":{"line":128,"column":16}},"35":{"start":{"line":104,"column":30},"end":{"line":104,"column":32}},"36":{"start":{"line":135,"column":2},"end":{"line":135,"column":23}},"37":{"start":{"line":105,"column":30},"end":{"line":105,"column":46}},"38":{"start":{"line":144,"column":2},"end":{"line":144,"column":23}},"39":{"start":{"line":112,"column":0},"end":{"line":112,"column":null}},"40":{"start":{"line":113,"column":2},"end":{"line":113,"column":null}},"41":{"start":{"line":114,"column":2},"end":{"line":114,"column":null}},"42":{"start":{"line":115,"column":2},"end":{"line":115,"column":null}},"43":{"start":{"line":116,"column":2},"end":{"line":116,"column":null}},"44":{"start":{"line":149,"column":2},"end":{"line":149,"column":12}},"45":{"start":{"line":119,"column":27},"end":{"line":119,"column":28}},"46":{"start":{"line":138,"column":2},"end":{"line":138,"column":20}},"47":{"start":{"line":121,"column":27},"end":{"line":125,"column":2}},"48":{"start":{"line":137,"column":2},"end":{"line":137,"column":20}}},"fnMap":{"0":{"name":"(anonymous_1)","decl":{"start":{"line":112,"column":0},"end":{"line":112,"column":5}},"loc":{"start":{"line":112,"column":15},"end":{"line":117,"column":1}}}},"branchMap":{"0":{"loc":{"start":{"line":112,"column":5},"end":{"line":112,"column":15}},"type":"binary-expr","locations":[{"start":{"line":112,"column":5},"end":{"line":112,"column":15}},{"start":{"line":112,"column":5},"end":{"line":112,"column":null}}]}},"s":{"0":8,"1":8,"2":8,"3":8,"4":8,"5":8,"6":8,"7":8,"8":8,"9":8,"10":8,"11":8,"12":8,"13":8,"14":8,"15":8,"16":8,"17":8,"18":8,"19":8,"20":8,"21":8,"22":8,"23":8,"24":8,"25":8,"26":8,"27":8,"28":8,"29":8,"30":8,"31":8,"32":8,"33":8,"34":8,"35":8,"36":8,"37":8,"38":8,"39":8,"40":8,"41":8,"42":8,"43":8,"44":8,"45":8,"46":8,"47":8,"48":8},"f":{"0":8},"b":{"0":[8,8]}}
,"/Users/mauricio/Documents/Mercadolibre/sistemaSolar/src/utils/math.ts": {"path":"/Users/mauricio/Documents/Mercadolibre/sistemaSolar/src/utils/math.ts","statementMap":{"0":{"start":{"line":1,"column":0},"end":{"line":1,"column":59}},"1":{"start":{"line":5,"column":18},"end":{"line":5,"column":22}},"2":{"start":{"line":14,"column":27},"end":{"line":16,"column":1}},"3":{"start":{"line":15,"column":2},"end":{"line":15,"column":45}},"4":{"start":{"line":173,"column":2},"end":{"line":173,"column":20}},"5":{"start":{"line":24,"column":39},"end":{"line":29,"column":1}},"6":{"start":{"line":25,"column":9},"end":{"line":25,"column":14}},"7":{"start":{"line":25,"column":16},"end":{"line":25,"column":31}},"8":{"start":{"line":26,"column":9},"end":{"line":26,"column":14}},"9":{"start":{"line":26,"column":16},"end":{"line":26,"column":31}},"10":{"start":{"line":28,"column":2},"end":{"line":28,"column":64}},"11":{"start":{"line":39,"column":42},"end":{"line":52,"column":1}},"12":{"start":{"line":47,"column":12},"end":{"line":47,"column":58}},"13":{"start":{"line":48,"column":12},"end":{"line":48,"column":58}},"14":{"start":{"line":49,"column":12},"end":{"line":49,"column":58}},"15":{"start":{"line":50,"column":20},"end":{"line":50,"column":29}},"16":{"start":{"line":51,"column":2},"end":{"line":51,"column":68}},"17":{"start":{"line":174,"column":2},"end":{"line":174,"column":35}},"18":{"start":{"line":61,"column":30},"end":{"line":77,"column":1}},"19":{"start":{"line":69,"column":6},"end":{"line":69,"column":63}},"20":{"start":{"line":67,"column":20},"end":{"line":67,"column":null}},"21":{"start":{"line":68,"column":4},"end":{"line":68,"column":20}},"22":{"start":{"line":68,"column":21},"end":{"line":68,"column":23}},"23":{"start":{"line":68,"column":24},"end":{"line":68,"column":26}},"24":{"start":{"line":68,"column":27},"end":{"line":68,"column":29}},"25":{"start":{"line":70,"column":24},"end":{"line":70,"column":44}},"26":{"start":{"line":71,"column":2},"end":{"line":76,"column":4}},"27":{"start":{"line":175,"column":2},"end":{"line":175,"column":23}},"28":{"start":{"line":85,"column":23},"end":{"line":89,"column":1}},"29":{"start":{"line":86,"column":18},"end":{"line":86,"column":37}},"30":{"start":{"line":87,"column":2},"end":{"line":87,"column":51}},"31":{"start":{"line":87,"column":41},"end":{"line":87,"column":51}},"32":{"start":{"line":88,"column":2},"end":{"line":88,"column":55}},"33":{"start":{"line":97,"column":30},"end":{"line":106,"column":1}},"34":{"start":{"line":101,"column":16},"end":{"line":101,"column":46}},"35":{"start":{"line":102,"column":2},"end":{"line":105,"column":4}},"36":{"start":{"line":178,"column":2},"end":{"line":178,"column":23}},"37":{"start":{"line":114,"column":28},"end":{"line":120,"column":1}},"38":{"start":{"line":115,"column":5},"end":{"line":115,"column":7}},"39":{"start":{"line":115,"column":8},"end":{"line":115,"column":27}},"40":{"start":{"line":116,"column":5},"end":{"line":116,"column":7}},"41":{"start":{"line":116,"column":8},"end":{"line":116,"column":23}},"42":{"start":{"line":118,"column":22},"end":{"line":118,"column":31}},"43":{"start":{"line":119,"column":2},"end":{"line":119,"column":47}},"44":{"start":{"line":179,"column":2},"end":{"line":179,"column":21}},"45":{"start":{"line":132,"column":33},"end":{"line":142,"column":1}},"46":{"start":{"line":136,"column":2},"end":{"line":139,"column":null}},"47":{"start":{"line":136,"column":15},"end":{"line":136,"column":16}},"48":{"start":{"line":137,"column":4},"end":{"line":138,"column":36}},"49":{"start":{"line":138,"column":6},"end":{"line":138,"column":36}},"50":{"start":{"line":140,"column":2},"end":{"line":140,"column":79}},"51":{"start":{"line":140,"column":50},"end":{"line":140,"column":79}},"52":{"start":{"line":141,"column":2},"end":{"line":141,"column":41}},"53":{"start":{"line":176,"column":2},"end":{"line":176,"column":26}},"54":{"start":{"line":153,"column":23},"end":{"line":170,"column":1}},"55":{"start":{"line":157,"column":2},"end":{"line":160,"column":null}},"56":{"start":{"line":157,"column":15},"end":{"line":157,"column":16}},"57":{"start":{"line":158,"column":4},"end":{"line":159,"column":36}},"58":{"start":{"line":159,"column":6},"end":{"line":159,"column":36}},"59":{"start":{"line":161,"column":2},"end":{"line":168,"column":null}},"60":{"start":{"line":167,"column":4},"end":{"line":167,"column":33}},"61":{"start":{"line":169,"column":2},"end":{"line":169,"column":41}},"62":{"start":{"line":177,"column":2},"end":{"line":177,"column":16}}},"fnMap":{"0":{"name":"(anonymous_1)","decl":{"start":{"line":14,"column":27},"end":{"line":14,"column":28}},"loc":{"start":{"line":14,"column":56},"end":{"line":16,"column":1}}},"1":{"name":"(anonymous_2)","decl":{"start":{"line":24,"column":39},"end":{"line":24,"column":null}},"loc":{"start":{"line":26,"column":31},"end":{"line":29,"column":1}}},"2":{"name":"(anonymous_3)","decl":{"start":{"line":39,"column":42},"end":{"line":39,"column":null}},"loc":{"start":{"line":42,"column":21},"end":{"line":52,"column":1}}},"3":{"name":"(anonymous_4)","decl":{"start":{"line":61,"column":30},"end":{"line":61,"column":null}},"loc":{"start":{"line":64,"column":21},"end":{"line":77,"column":1}}},"4":{"name":"(anonymous_5)","decl":{"start":{"line":85,"column":23},"end":{"line":85,"column":24}},"loc":{"start":{"line":85,"column":64},"end":{"line":89,"column":1}}},"5":{"name":"(anonymous_6)","decl":{"start":{"line":97,"column":30},"end":{"line":97,"column":null}},"loc":{"start":{"line":99,"column":21},"end":{"line":106,"column":1}}},"6":{"name":"(anonymous_7)","decl":{"start":{"line":114,"column":28},"end":{"line":114,"column":null}},"loc":{"start":{"line":116,"column":23},"end":{"line":120,"column":1}}},"7":{"name":"(anonymous_8)","decl":{"start":{"line":132,"column":33},"end":{"line":132,"column":null}},"loc":{"start":{"line":134,"column":37},"end":{"line":142,"column":1}}},"8":{"name":"(anonymous_9)","decl":{"start":{"line":153,"column":23},"end":{"line":153,"column":null}},"loc":{"start":{"line":155,"column":37},"end":{"line":170,"column":1}}}},"branchMap":{"0":{"loc":{"start":{"line":87,"column":2},"end":{"line":87,"column":51}},"type":"if","locations":[{"start":{"line":87,"column":2},"end":{"line":87,"column":51}},{"start":{"line":87,"column":2},"end":{"line":87,"column":51}}]},"1":{"loc":{"start":{"line":137,"column":4},"end":{"line":138,"column":36}},"type":"if","locations":[{"start":{"line":137,"column":4},"end":{"line":138,"column":36}},{"start":{"line":137,"column":4},"end":{"line":138,"column":36}}]},"2":{"loc":{"start":{"line":140,"column":2},"end":{"line":140,"column":79}},"type":"if","locations":[{"start":{"line":140,"column":2},"end":{"line":140,"column":79}},{"start":{"line":140,"column":2},"end":{"line":140,"column":79}}]},"3":{"loc":{"start":{"line":158,"column":4},"end":{"line":159,"column":36}},"type":"if","locations":[{"start":{"line":158,"column":4},"end":{"line":159,"column":36}},{"start":{"line":158,"column":4},"end":{"line":159,"column":36}}]},"4":{"loc":{"start":{"line":161,"column":2},"end":{"line":168,"column":null}},"type":"if","locations":[{"start":{"line":161,"column":2},"end":{"line":168,"column":null}},{"start":{"line":161,"column":2},"end":{"line":168,"column":null}}]}},"s":{"0":3,"1":3,"2":3,"3":5,"4":3,"5":3,"6":45,"7":45,"8":45,"9":45,"10":45,"11":3,"12":15,"13":15,"14":15,"15":15,"16":15,"17":3,"18":3,"19":13,"20":13,"21":13,"22":13,"23":13,"24":13,"25":13,"26":13,"27":3,"28":3,"29":8,"30":8,"31":3,"32":5,"33":3,"34":8,"35":8,"36":3,"37":3,"38":7,"39":7,"40":7,"41":7,"42":7,"43":7,"44":3,"45":3,"46":3,"47":3,"48":3,"49":1,"50":2,"51":1,"52":1,"53":3,"54":3,"55":4,"56":4,"57":4,"58":2,"59":2,"60":1,"61":1,"62":3},"f":{"0":5,"1":45,"2":15,"3":13,"4":8,"5":8,"6":7,"7":3,"8":4},"b":{"0":[3,5],"1":[1,2],"2":[1,1],"3":[2,2],"4":[1,1]}}
,"/Users/mauricio/Documents/Mercadolibre/sistemaSolar/src/utils/weather-prediction.ts": {"path":"/Users/mauricio/Documents/Mercadolibre/sistemaSolar/src/utils/weather-prediction.ts","statementMap":{"0":{"start":{"line":1,"column":0},"end":{"line":1,"column":59}},"1":{"start":{"line":4,"column":0},"end":{"line":4,"column":58}},"2":{"start":{"line":6,"column":0},"end":{"line":6,"column":null}},"3":{"start":{"line":24,"column":16},"end":{"line":45,"column":1}},"4":{"start":{"line":29,"column":43},"end":{"line":29,"column":64}},"5":{"start":{"line":30,"column":26},"end":{"line":30,"column":71}},"6":{"start":{"line":32,"column":18},"end":{"line":32,"column":63}},"7":{"start":{"line":33,"column":18},"end":{"line":33,"column":63}},"8":{"start":{"line":34,"column":18},"end":{"line":34,"column":63}},"9":{"start":{"line":35,"column":2},"end":{"line":43,"column":6}},"10":{"start":{"line":36,"column":4},"end":{"line":43,"column":6}},"11":{"start":{"line":44,"column":2},"end":{"line":44,"column":54}},"12":{"start":{"line":54,"column":27},"end":{"line":66,"column":1}},"13":{"start":{"line":55,"column":42},"end":{"line":57,"column":null}},"14":{"start":{"line":59,"column":2},"end":{"line":64,"column":null}},"15":{"start":{"line":60,"column":4},"end":{"line":63,"column":6}},"16":{"start":{"line":65,"column":2},"end":{"line":65,"column":62}},"17":{"start":{"line":73,"column":31},"end":{"line":91,"column":1}},"18":{"start":{"line":76,"column":2},"end":{"line":77,"column":56}},"19":{"start":{"line":77,"column":4},"end":{"line":77,"column":56}},"20":{"start":{"line":78,"column":27},"end":{"line":78,"column":67}},"21":{"start":{"line":79,"column":2},"end":{"line":81,"column":null}},"22":{"start":{"line":80,"column":4},"end":{"line":80,"column":32}},"23":{"start":{"line":82,"column":35},"end":{"line":82,"column":64}},"24":{"start":{"line":83,"column":2},"end":{"line":89,"column":null}},"25":{"start":{"line":84,"column":4},"end":{"line":88,"column":6}},"26":{"start":{"line":90,"column":2},"end":{"line":90,"column":54}},"27":{"start":{"line":123,"column":31},"end":{"line":123,"column":53}},"28":{"start":{"line":99,"column":29},"end":{"line":121,"column":1}},"29":{"start":{"line":103,"column":38},"end":{"line":106,"column":4}},"30":{"start":{"line":107,"column":51},"end":{"line":107,"column":60}},"31":{"start":{"line":108,"column":2},"end":{"line":118,"column":null}},"32":{"start":{"line":108,"column":23},"end":{"line":108,"column":30}},"33":{"start":{"line":108,"column":19},"end":{"line":108,"column":23}},"34":{"start":{"line":110,"column":6},"end":{"line":110,"column":63}},"35":{"start":{"line":111,"column":37},"end":{"line":116,"column":6}},"36":{"start":{"line":117,"column":4},"end":{"line":117,"column":49}},"37":{"start":{"line":119,"column":2},"end":{"line":119,"column":53}},"38":{"start":{"line":120,"column":2},"end":{"line":120,"column":24}},"39":{"start":{"line":123,"column":9},"end":{"line":123,"column":29}}},"fnMap":{"0":{"name":"(anonymous_1)","decl":{"start":{"line":24,"column":16},"end":{"line":24,"column":null}},"loc":{"start":{"line":25,"column":37},"end":{"line":45,"column":1}}},"1":{"name":"(anonymous_2)","decl":{"start":{"line":54,"column":27},"end":{"line":54,"column":28}},"loc":{"start":{"line":54,"column":63},"end":{"line":66,"column":1}}},"2":{"name":"(anonymous_3)","decl":{"start":{"line":73,"column":31},"end":{"line":73,"column":null}},"loc":{"start":{"line":74,"column":37},"end":{"line":91,"column":1}}},"3":{"name":"(anonymous_4)","decl":{"start":{"line":99,"column":29},"end":{"line":99,"column":null}},"loc":{"start":{"line":101,"column":20},"end":{"line":121,"column":1}}}},"branchMap":{"0":{"loc":{"start":{"line":35,"column":2},"end":{"line":43,"column":6}},"type":"if","locations":[{"start":{"line":35,"column":2},"end":{"line":43,"column":6}},{"start":{"line":35,"column":2},"end":{"line":43,"column":6}}]},"1":{"loc":{"start":{"line":59,"column":2},"end":{"line":64,"column":null}},"type":"if","locations":[{"start":{"line":59,"column":2},"end":{"line":64,"column":null}},{"start":{"line":59,"column":2},"end":{"line":64,"column":null}}]},"2":{"loc":{"start":{"line":76,"column":2},"end":{"line":77,"column":56}},"type":"if","locations":[{"start":{"line":76,"column":2},"end":{"line":77,"column":56}},{"start":{"line":76,"column":2},"end":{"line":77,"column":56}}]},"3":{"loc":{"start":{"line":79,"column":2},"end":{"line":81,"column":null}},"type":"if","locations":[{"start":{"line":79,"column":2},"end":{"line":81,"column":null}},{"start":{"line":79,"column":2},"end":{"line":81,"column":null}}]},"4":{"loc":{"start":{"line":83,"column":2},"end":{"line":89,"column":null}},"type":"if","locations":[{"start":{"line":83,"column":2},"end":{"line":89,"column":null}},{"start":{"line":83,"column":2},"end":{"line":89,"column":null}}]}},"s":{"0":2,"1":2,"2":2,"3":2,"4":12,"5":3,"6":3,"7":3,"8":3,"9":3,"10":1,"11":2,"12":2,"13":7,"14":7,"15":3,"16":4,"17":2,"18":19,"19":12,"20":7,"21":7,"22":4,"23":3,"24":3,"25":1,"26":2,"27":2,"28":2,"29":13,"30":13,"31":13,"32":26,"33":17,"34":17,"35":17,"36":17,"37":13,"38":13,"39":2},"f":{"0":3,"1":7,"2":19,"3":13},"b":{"0":[1,2],"1":[3,4],"2":[12,7],"3":[4,3],"4":[1,2]}}
,"/Users/mauricio/Documents/Mercadolibre/sistemaSolar/src/validators/planet.ts": {"path":"/Users/mauricio/Documents/Mercadolibre/sistemaSolar/src/validators/planet.ts","statementMap":{"0":{"start":{"line":2,"column":0},"end":{"line":2,"column":64}},"1":{"start":{"line":4,"column":0},"end":{"line":4,"column":39}},"2":{"start":{"line":6,"column":18},"end":{"line":6,"column":33}},"3":{"start":{"line":8,"column":21},"end":{"line":27,"column":2}},"4":{"start":{"line":29,"column":30},"end":{"line":44,"column":1}},"5":{"start":{"line":34,"column":20},"end":{"line":34,"column":46}},"6":{"start":{"line":35,"column":28},"end":{"line":35,"column":71}},"7":{"start":{"line":36,"column":2},"end":{"line":43,"column":null}},"8":{"start":{"line":37,"column":4},"end":{"line":37,"column":32}},"9":{"start":{"line":38,"column":4},"end":{"line":38,"column":11}},"10":{"start":{"line":40,"column":4},"end":{"line":42,"column":53}},"11":{"start":{"line":46,"column":0},"end":{"line":46,"column":37}}},"fnMap":{"0":{"name":"(anonymous_0)","decl":{"start":{"line":29,"column":30},"end":{"line":29,"column":null}},"loc":{"start":{"line":32,"column":20},"end":{"line":44,"column":1}}}},"branchMap":{"0":{"loc":{"start":{"line":36,"column":2},"end":{"line":43,"column":null}},"type":"if","locations":[{"start":{"line":36,"column":2},"end":{"line":43,"column":null}},{"start":{"line":36,"column":2},"end":{"line":43,"column":null}}]}},"s":{"0":1,"1":1,"2":1,"3":1,"4":1,"5":2,"6":2,"7":2,"8":1,"9":1,"10":1,"11":1},"f":{"0":2},"b":{"0":[1,1]}}
,"/Users/mauricio/Documents/Mercadolibre/sistemaSolar/src/validators/weather-prediction.ts": {"path":"/Users/mauricio/Documents/Mercadolibre/sistemaSolar/src/validators/weather-prediction.ts","statementMap":{"0":{"start":{"line":1,"column":0},"end":{"line":1,"column":74}},"1":{"start":{"line":3,"column":0},"end":{"line":3,"column":39}},"2":{"start":{"line":5,"column":18},"end":{"line":5,"column":33}},"3":{"start":{"line":6,"column":17},"end":{"line":6,"column":38}},"4":{"start":{"line":7,"column":20},"end":{"line":7,"column":33}},"5":{"start":{"line":9,"column":18},"end":{"line":12,"column":2}},"6":{"start":{"line":14,"column":31},"end":{"line":18,"column":2}},"7":{"start":{"line":20,"column":34},"end":{"line":40,"column":1}},"8":{"start":{"line":25,"column":19},"end":{"line":25,"column":38}},"9":{"start":{"line":26,"column":2},"end":{"line":26,"column":26}},"10":{"start":{"line":26,"column":19},"end":{"line":26,"column":26}},"11":{"start":{"line":27,"column":2},"end":{"line":27,"column":52}},"12":{"start":{"line":28,"column":28},"end":{"line":30,"column":null}},"13":{"start":{"line":32,"column":2},"end":{"line":39,"column":null}},"14":{"start":{"line":33,"column":4},"end":{"line":33,"column":37}},"15":{"start":{"line":34,"column":4},"end":{"line":34,"column":11}},"16":{"start":{"line":36,"column":4},"end":{"line":38,"column":67}},"17":{"start":{"line":57,"column":29},"end":{"line":57,"column":54}},"18":{"start":{"line":42,"column":27},"end":{"line":55,"column":1}},"19":{"start":{"line":47,"column":17},"end":{"line":47,"column":31}},"20":{"start":{"line":48,"column":28},"end":{"line":48,"column":65}},"21":{"start":{"line":49,"column":2},"end":{"line":54,"column":null}},"22":{"start":{"line":49,"column":45},"end":{"line":49,"column":52}},"23":{"start":{"line":51,"column":4},"end":{"line":53,"column":63}},"24":{"start":{"line":57,"column":9},"end":{"line":57,"column":27}}},"fnMap":{"0":{"name":"(anonymous_0)","decl":{"start":{"line":20,"column":34},"end":{"line":20,"column":null}},"loc":{"start":{"line":23,"column":20},"end":{"line":40,"column":1}}},"1":{"name":"(anonymous_1)","decl":{"start":{"line":42,"column":27},"end":{"line":42,"column":null}},"loc":{"start":{"line":45,"column":20},"end":{"line":55,"column":1}}}},"branchMap":{"0":{"loc":{"start":{"line":26,"column":2},"end":{"line":26,"column":26}},"type":"if","locations":[{"start":{"line":26,"column":2},"end":{"line":26,"column":26}},{"start":{"line":26,"column":2},"end":{"line":26,"column":26}}]},"1":{"loc":{"start":{"line":27,"column":25},"end":{"line":27,"column":27}},"type":"cond-expr","locations":[{"start":{"line":27,"column":25},"end":{"line":27,"column":27}},{"start":{"line":27,"column":15},"end":{"line":27,"column":51}}]},"2":{"loc":{"start":{"line":27,"column":15},"end":{"line":27,"column":27}},"type":"binary-expr","locations":[{"start":{"line":27,"column":15},"end":{"line":27,"column":27}},{"start":{"line":27,"column":15},"end":{"line":27,"column":27}}]},"3":{"loc":{"start":{"line":32,"column":2},"end":{"line":39,"column":null}},"type":"if","locations":[{"start":{"line":32,"column":2},"end":{"line":39,"column":null}},{"start":{"line":32,"column":2},"end":{"line":39,"column":null}}]},"4":{"loc":{"start":{"line":49,"column":2},"end":{"line":54,"column":null}},"type":"if","locations":[{"start":{"line":49,"column":2},"end":{"line":54,"column":null}},{"start":{"line":49,"column":2},"end":{"line":54,"column":null}}]}},"s":{"0":1,"1":1,"2":1,"3":1,"4":1,"5":1,"6":1,"7":1,"8":3,"9":3,"10":1,"11":3,"12":3,"13":3,"14":2,"15":2,"16":1,"17":1,"18":1,"19":2,"20":2,"21":2,"22":1,"23":1,"24":1},"f":{"0":3,"1":2},"b":{"0":[1,2],"1":[1,2],"2":[3,3],"3":[2,1],"4":[1,1]}}
}
