TN:
SF:src/api/planet.ts
FN:14,(anonymous_14)
FN:16,(anonymous_15)
FNF:2
FNH:2
FNDA:2,(anonymous_14)
FNDA:2,(anonymous_15)
DA:2,1
DA:3,1
DA:4,1
DA:14,1
DA:16,2
DA:19,2
DA:20,2
DA:21,1
DA:23,1
DA:29,1
LF:10
LH:10
BRF:0
BRH:0
end_of_record
TN:
SF:src/api/weather-prediction.ts
FN:23,(anonymous_14)
FN:23,(anonymous_15)
FN:48,(anonymous_17)
FN:48,(anonymous_18)
FN:85,(anonymous_20)
FN:85,(anonymous_21)
FNF:6
FNH:6
FNDA:2,(anonymous_14)
FNDA:2,(anonymous_15)
FNDA:3,(anonymous_17)
FNDA:3,(anonymous_18)
FNDA:1,(anonymous_20)
FNDA:1,(anonymous_21)
DA:2,1
DA:4,1
DA:5,1
DA:7,1
DA:23,2
DA:25,2
DA:26,2
DA:29,1
DA:33,1
DA:34,1
DA:48,3
DA:50,3
DA:51,3
DA:52,4
DA:53,1
DA:54,2
DA:57,1
DA:58,1
DA:59,1
DA:62,1
DA:63,1
DA:64,1
DA:70,2
DA:72,1
DA:85,1
DA:87,1
DA:88,1
DA:93,0
DA:98,1
DA:99,1
DA:100,1
LF:31
LH:30
BRDA:50,0,0,1
BRDA:50,0,1,2
BRDA:50,1,0,3
BRDA:50,1,1,3
BRDA:52,2,0,1
BRDA:52,2,1,2
BRF:6
BRH:6
end_of_record
TN:
SF:src/config/env.ts
FNF:0
FNH:0
DA:1,8
DA:4,8
DA:13,8
DA:15,8
LF:4
LH:4
BRDA:4,0,0,8
BRDA:4,0,1,0
BRDA:22,1,0,8
BRDA:22,1,1,8
BRDA:26,2,0,8
BRDA:26,2,1,8
BRDA:32,3,0,8
BRDA:32,3,1,8
BRDA:35,4,0,8
BRDA:35,4,1,8
BRF:10
BRH:9
end_of_record
TN:
SF:src/config/loaders/logger.ts
FNF:0
FNH:0
DA:1,5
DA:2,5
DA:4,5
DA:5,5
DA:6,5
DA:8,0
DA:18,5
DA:32,5
LF:8
LH:7
BRDA:5,0,0,5
BRDA:5,0,1,0
BRF:2
BRH:1
end_of_record
TN:
SF:src/events/events.ts
FNF:0
FNH:0
DA:1,1
LF:1
LH:1
BRF:0
BRH:0
end_of_record
TN:
SF:src/jobs/weather-prediction.ts
FN:10,(anonymous_14)
FN:12,(anonymous_15)
FNF:2
FNH:2
FNDA:1,(anonymous_14)
FNDA:1,(anonymous_15)
DA:1,1
DA:2,1
DA:3,1
DA:4,1
DA:5,1
DA:10,1
DA:12,1
DA:15,1
DA:16,1
DA:17,1
DA:18,1
DA:19,1
DA:24,1
DA:29,0
DA:31,1
DA:32,1
DA:36,1
LF:17
LH:16
BRDA:17,0,0,1
BRDA:17,0,1,0
BRF:2
BRH:1
end_of_record
TN:
SF:src/models/enums/galaxy-weather.ts
FN:5,(anonymous_0)
FNF:1
FNH:1
FNDA:5,(anonymous_0)
DA:5,5
DA:6,5
DA:7,5
DA:8,5
DA:9,5
DA:12,5
LF:6
LH:6
BRDA:5,0,0,5
BRDA:5,0,1,5
BRF:2
BRH:2
end_of_record
TN:
SF:src/services/planet.ts
FN:15,(anonymous_14)
FN:15,(anonymous_15)
FN:33,(anonymous_17)
FN:33,(anonymous_18)
FNF:4
FNH:4
FNDA:2,(anonymous_14)
FNDA:2,(anonymous_15)
FNDA:1,(anonymous_17)
FNDA:1,(anonymous_18)
DA:2,1
DA:3,1
DA:5,1
DA:15,2
DA:17,2
DA:18,2
DA:19,1
DA:20,1
DA:22,1
DA:23,1
DA:24,1
DA:33,1
DA:35,1
DA:36,1
DA:39,1
DA:40,1
DA:42,0
DA:43,0
DA:44,0
DA:48,1
LF:20
LH:17
BRF:0
BRH:0
end_of_record
TN:
SF:src/services/weather-prediction.ts
FN:26,(anonymous_14)
FN:26,(anonymous_15)
FN:39,(anonymous_17)
FN:40,(anonymous_18)
FN:60,(anonymous_20)
FN:83,(anonymous_23)
FN:85,(anonymous_24)
FN:109,(anonymous_26)
FN:131,(anonymous_29)
FN:133,(anonymous_30)
FN:156,(anonymous_32)
FN:159,(anonymous_33)
FNF:12
FNH:12
FNDA:2,(anonymous_14)
FNDA:2,(anonymous_15)
FNDA:2,(anonymous_17)
FNDA:2,(anonymous_18)
FNDA:6,(anonymous_20)
FNDA:2,(anonymous_23)
FNDA:2,(anonymous_24)
FNDA:2,(anonymous_26)
FNDA:2,(anonymous_29)
FNDA:2,(anonymous_30)
FNDA:2,(anonymous_32)
FNDA:2,(anonymous_33)
DA:1,1
DA:2,1
DA:5,1
DA:6,1
DA:7,1
DA:16,1
DA:26,2
DA:27,2
DA:28,2
DA:39,1
DA:40,2
DA:43,2
DA:44,2
DA:45,2
DA:46,1
DA:48,1
DA:50,1
DA:51,1
DA:52,1
DA:60,4
DA:62,3
DA:63,3
DA:67,3
DA:68,3
DA:70,0
DA:71,0
DA:72,0
DA:83,1
DA:85,2
DA:88,2
DA:89,2
DA:96,1
DA:97,1
DA:99,1
DA:100,1
DA:101,1
DA:109,2
DA:113,1
DA:114,1
DA:117,1
DA:118,1
DA:120,0
DA:121,0
DA:122,0
DA:131,1
DA:133,2
DA:135,2
DA:137,3
DA:141,1
DA:143,1
DA:144,1
DA:145,1
DA:156,1
DA:159,2
DA:161,2
DA:163,2
DA:164,2
DA:165,2
DA:168,2
DA:169,11
DA:170,11
DA:173,11
DA:180,11
DA:181,11
DA:183,2
DA:184,1
DA:190,1
DA:191,1
DA:192,1
DA:197,1
DA:198,1
DA:199,1
DA:200,1
DA:201,1
DA:202,1
DA:203,1
LF:76
LH:70
BRDA:28,0,0,2
BRDA:45,1,0,1
BRDA:45,1,1,1
BRDA:166,2,0,2
BRDA:166,2,1,0
BRF:5
BRH:4
end_of_record
TN:
SF:src/tests/data/math.ts
FNF:0
FNH:0
DA:3,1
DA:8,1
DA:13,1
DA:18,1
DA:23,1
LF:5
LH:5
BRF:0
BRH:0
end_of_record
TN:
SF:src/tests/data/planet.ts
FNF:0
FNH:0
DA:3,4
DA:10,4
DA:17,4
DA:24,4
LF:4
LH:4
BRF:0
BRH:0
end_of_record
TN:
SF:src/tests/data/weather-prediction.ts
FNF:0
FNH:0
DA:1,2
DA:6,2
DA:13,2
DA:20,2
DA:27,2
DA:32,2
DA:37,2
DA:42,2
DA:47,2
DA:52,2
DA:57,2
DA:62,2
DA:67,2
DA:72,2
DA:77,2
DA:82,2
DA:87,2
DA:92,2
DA:97,2
DA:102,2
DA:107,2
DA:113,2
DA:114,2
DA:115,2
DA:116,2
DA:117,2
DA:118,2
DA:119,2
DA:120,2
DA:121,2
DA:122,2
DA:123,2
DA:124,2
DA:125,2
DA:126,2
DA:127,2
DA:128,2
DA:129,2
DA:130,2
DA:131,2
DA:132,2
LF:41
LH:41
BRF:0
BRH:0
end_of_record
TN:
SF:src/utils/global.ts
FN:95,(anonymous_1)
FNF:1
FNH:1
FNDA:8,(anonymous_1)
DA:1,8
DA:3,8
DA:12,8
DA:18,8
DA:24,8
DA:30,8
DA:37,8
DA:41,8
DA:47,8
DA:52,8
DA:56,8
DA:60,8
DA:67,8
DA:72,8
DA:78,8
DA:84,8
DA:95,8
DA:96,8
DA:97,8
DA:98,8
DA:99,8
DA:102,8
DA:104,8
DA:111,8
DA:112,8
DA:113,8
DA:114,8
DA:115,8
DA:116,8
DA:117,8
DA:118,8
DA:119,8
DA:120,8
DA:121,8
DA:122,8
DA:123,8
DA:124,8
DA:125,8
DA:126,8
DA:127,8
DA:128,8
LF:41
LH:41
BRDA:95,0,0,8
BRDA:95,0,1,8
BRF:2
BRH:2
end_of_record
TN:
SF:src/utils/math.ts
FN:14,(anonymous_1)
FN:24,(anonymous_2)
FN:39,(anonymous_3)
FN:61,(anonymous_4)
FN:85,(anonymous_5)
FN:97,(anonymous_6)
FN:114,(anonymous_7)
FN:132,(anonymous_8)
FN:153,(anonymous_9)
FNF:9
FNH:9
FNDA:5,(anonymous_1)
FNDA:45,(anonymous_2)
FNDA:15,(anonymous_3)
FNDA:13,(anonymous_4)
FNDA:8,(anonymous_5)
FNDA:8,(anonymous_6)
FNDA:7,(anonymous_7)
FNDA:3,(anonymous_8)
FNDA:4,(anonymous_9)
DA:1,3
DA:5,3
DA:14,3
DA:15,5
DA:24,3
DA:25,45
DA:26,45
DA:28,45
DA:39,3
DA:47,15
DA:48,15
DA:49,15
DA:50,15
DA:51,15
DA:61,3
DA:67,13
DA:68,13
DA:69,13
DA:70,13
DA:71,13
DA:85,3
DA:86,8
DA:87,8
DA:88,5
DA:97,3
DA:101,8
DA:102,8
DA:114,3
DA:115,7
DA:116,7
DA:118,7
DA:119,7
DA:132,3
DA:136,3
DA:137,3
DA:138,1
DA:140,2
DA:141,1
DA:153,3
DA:157,4
DA:158,4
DA:159,2
DA:161,2
DA:167,1
DA:169,1
DA:173,3
DA:174,3
DA:175,3
DA:176,3
DA:177,3
DA:178,3
DA:179,3
LF:52
LH:52
BRDA:87,0,0,3
BRDA:87,0,1,5
BRDA:137,1,0,1
BRDA:137,1,1,2
BRDA:140,2,0,1
BRDA:140,2,1,1
BRDA:158,3,0,2
BRDA:158,3,1,2
BRDA:161,4,0,1
BRDA:161,4,1,1
BRF:10
BRH:10
end_of_record
TN:
SF:src/utils/weather-prediction.ts
FN:24,(anonymous_1)
FN:54,(anonymous_2)
FN:73,(anonymous_3)
FN:99,(anonymous_4)
FNF:4
FNH:4
FNDA:3,(anonymous_1)
FNDA:7,(anonymous_2)
FNDA:19,(anonymous_3)
FNDA:13,(anonymous_4)
DA:1,2
DA:4,2
DA:6,2
DA:24,2
DA:29,12
DA:30,3
DA:32,3
DA:33,3
DA:34,3
DA:35,3
DA:36,1
DA:44,2
DA:54,2
DA:55,7
DA:59,7
DA:60,3
DA:65,4
DA:73,2
DA:76,19
DA:77,12
DA:78,7
DA:79,7
DA:80,4
DA:82,3
DA:83,3
DA:84,1
DA:90,2
DA:99,2
DA:103,13
DA:107,13
DA:108,26
DA:110,17
DA:111,17
DA:117,17
DA:119,13
DA:120,13
DA:123,2
LF:37
LH:37
BRDA:35,0,0,1
BRDA:35,0,1,2
BRDA:59,1,0,3
BRDA:59,1,1,4
BRDA:76,2,0,12
BRDA:76,2,1,7
BRDA:79,3,0,4
BRDA:79,3,1,3
BRDA:83,4,0,1
BRDA:83,4,1,2
BRF:10
BRH:10
end_of_record
TN:
SF:src/validators/planet.ts
FN:29,(anonymous_0)
FNF:1
FNH:1
FNDA:2,(anonymous_0)
DA:2,1
DA:4,1
DA:6,1
DA:8,1
DA:29,1
DA:34,2
DA:35,2
DA:36,2
DA:37,1
DA:38,1
DA:40,1
DA:46,1
LF:12
LH:12
BRDA:36,0,0,1
BRDA:36,0,1,1
BRF:2
BRH:2
end_of_record
TN:
SF:src/validators/weather-prediction.ts
FN:20,(anonymous_0)
FN:42,(anonymous_1)
FNF:2
FNH:2
FNDA:3,(anonymous_0)
FNDA:2,(anonymous_1)
DA:1,1
DA:3,1
DA:5,1
DA:6,1
DA:7,1
DA:9,1
DA:14,1
DA:20,1
DA:25,3
DA:26,3
DA:27,3
DA:28,3
DA:32,3
DA:33,2
DA:34,2
DA:36,1
DA:42,1
DA:47,2
DA:48,2
DA:49,2
DA:51,1
DA:57,1
LF:22
LH:22
BRDA:26,0,0,1
BRDA:26,0,1,2
BRDA:27,1,0,1
BRDA:27,1,1,2
BRDA:27,2,0,3
BRDA:27,2,1,3
BRDA:32,3,0,2
BRDA:32,3,1,1
BRDA:49,4,0,1
BRDA:49,4,1,1
BRF:10
BRH:10
end_of_record
