TN:
SF:src/api/planet.ts
FN:13,(anonymous_13)
FN:15,(anonymous_14)
FNF:2
FNH:2
FNDA:2,(anonymous_13)
FNDA:2,(anonymous_14)
DA:2,1
DA:3,1
DA:13,1
DA:15,2
DA:18,2
DA:19,1
DA:21,1
DA:27,1
LF:8
LH:8
BRF:0
BRH:0
end_of_record
TN:
SF:src/api/weather-prediction.ts
FN:22,(anonymous_14)
FN:22,(anonymous_15)
FN:46,(anonymous_17)
FN:46,(anonymous_18)
FN:83,(anonymous_20)
FN:83,(anonymous_21)
FNF:6
FNH:6
FNDA:2,(anonymous_14)
FNDA:2,(anonymous_15)
FNDA:3,(anonymous_17)
FNDA:3,(anonymous_18)
FNDA:1,(anonymous_20)
FNDA:1,(anonymous_21)
DA:2,1
DA:4,1
DA:6,1
DA:22,2
DA:24,2
DA:27,1
DA:31,1
DA:32,1
DA:46,3
DA:48,3
DA:49,3
DA:50,4
DA:51,1
DA:52,2
DA:55,1
DA:56,1
DA:57,1
DA:60,1
DA:61,1
DA:62,1
DA:68,2
DA:70,1
DA:83,1
DA:85,1
DA:86,1
DA:91,0
DA:96,1
DA:97,1
DA:98,1
LF:29
LH:28
BRDA:48,0,0,1
BRDA:48,0,1,2
BRDA:48,1,0,3
BRDA:48,1,1,3
BRDA:50,2,0,1
BRDA:50,2,1,2
BRF:6
BRH:6
end_of_record
TN:
SF:src/config/env.ts
FNF:0
FNH:0
DA:1,8
DA:4,8
DA:13,8
DA:15,8
LF:4
LH:4
BRDA:4,0,0,8
BRDA:4,0,1,0
BRDA:22,1,0,8
BRDA:22,1,1,8
BRDA:29,2,0,8
BRDA:29,2,1,8
BRDA:35,3,0,8
BRDA:35,3,1,8
BRDA:38,4,0,8
BRDA:38,4,1,8
BRF:10
BRH:9
end_of_record
TN:
SF:src/config/loaders/logger.ts
FNF:0
FNH:0
DA:1,3
DA:2,3
DA:4,3
DA:5,3
DA:6,3
DA:8,0
DA:18,3
DA:32,3
LF:8
LH:7
BRDA:5,0,0,3
BRDA:5,0,1,0
BRF:2
BRH:1
end_of_record
TN:
SF:src/config/loaders/redis.ts
FN:7,(anonymous_1)
FNF:1
FNH:0
FNDA:0,(anonymous_1)
DA:1,1
DA:2,1
DA:3,1
DA:5,1
DA:7,1
DA:8,0
DA:11,1
LF:7
LH:6
BRF:0
BRH:0
end_of_record
TN:
SF:src/events/events.ts
FNF:0
FNH:0
DA:1,1
LF:1
LH:1
BRF:0
BRH:0
end_of_record
TN:
SF:src/jobs/weather-prediction.ts
FN:10,(anonymous_14)
FN:12,(anonymous_15)
FNF:2
FNH:2
FNDA:1,(anonymous_14)
FNDA:1,(anonymous_15)
DA:1,1
DA:2,1
DA:3,1
DA:4,1
DA:5,1
DA:10,1
DA:12,1
DA:15,1
DA:16,1
DA:17,1
DA:18,1
DA:19,1
DA:24,1
DA:29,0
DA:31,1
DA:32,1
DA:36,1
LF:17
LH:16
BRDA:17,0,0,1
BRDA:17,0,1,0
BRF:2
BRH:1
end_of_record
TN:
SF:src/models/enums/galaxy-weather.ts
FN:5,(anonymous_0)
FNF:1
FNH:1
FNDA:5,(anonymous_0)
DA:5,5
DA:6,5
DA:7,5
DA:8,5
DA:9,5
DA:12,5
LF:6
LH:6
BRDA:5,0,0,5
BRDA:5,0,1,5
BRF:2
BRH:2
end_of_record
TN:
SF:src/services/planet.ts
FN:15,(anonymous_14)
FN:15,(anonymous_15)
FN:31,(anonymous_17)
FN:31,(anonymous_18)
FNF:4
FNH:4
FNDA:2,(anonymous_14)
FNDA:2,(anonymous_15)
FNDA:1,(anonymous_17)
FNDA:1,(anonymous_18)
DA:2,1
DA:3,1
DA:5,1
DA:15,2
DA:17,2
DA:18,1
DA:20,1
DA:21,1
DA:22,1
DA:31,1
DA:33,1
DA:36,1
DA:38,0
DA:39,0
DA:40,0
DA:44,1
LF:16
LH:13
BRF:0
BRH:0
end_of_record
TN:
SF:src/services/weather-prediction.ts
FN:32,(anonymous_14)
FN:32,(anonymous_15)
FN:45,(anonymous_17)
FN:45,(anonymous_18)
FN:66,(anonymous_20)
FN:67,(anonymous_21)
FN:89,(anonymous_23)
FN:110,(anonymous_26)
FN:112,(anonymous_27)
FN:134,(anonymous_29)
FN:154,(anonymous_32)
FN:156,(anonymous_33)
FN:177,(anonymous_35)
FN:180,(anonymous_36)
FNF:14
FNH:14
FNDA:2,(anonymous_14)
FNDA:2,(anonymous_15)
FNDA:2,(anonymous_17)
FNDA:2,(anonymous_18)
FNDA:2,(anonymous_20)
FNDA:2,(anonymous_21)
FNDA:6,(anonymous_23)
FNDA:2,(anonymous_26)
FNDA:2,(anonymous_27)
FNDA:2,(anonymous_29)
FNDA:2,(anonymous_32)
FNDA:2,(anonymous_33)
FNDA:2,(anonymous_35)
FNDA:2,(anonymous_36)
DA:1,1
DA:2,1
DA:5,1
DA:6,1
DA:7,1
DA:8,1
DA:9,1
DA:20,1
DA:25,1
DA:32,2
DA:33,2
DA:34,2
DA:45,2
DA:46,2
DA:48,2
DA:49,2
DA:50,2
DA:51,2
DA:53,0
DA:55,0
DA:56,0
DA:57,0
DA:66,1
DA:67,2
DA:70,2
DA:71,2
DA:72,2
DA:73,2
DA:74,1
DA:76,1
DA:77,1
DA:79,1
DA:80,1
DA:81,1
DA:89,4
DA:91,3
DA:95,3
DA:97,0
DA:98,0
DA:99,0
DA:110,1
DA:112,2
DA:115,2
DA:122,1
DA:124,1
DA:125,1
DA:126,1
DA:134,2
DA:138,1
DA:141,1
DA:143,0
DA:144,0
DA:145,0
DA:154,1
DA:156,2
DA:159,3
DA:164,1
DA:165,1
DA:166,1
DA:177,1
DA:180,2
DA:182,2
DA:184,2
DA:185,2
DA:186,2
DA:189,2
DA:190,11
DA:191,11
DA:194,11
DA:201,11
DA:202,11
DA:204,2
DA:205,1
DA:211,1
DA:212,1
DA:213,1
DA:218,1
DA:219,1
DA:220,1
DA:221,1
DA:222,1
DA:223,1
DA:224,1
LF:83
LH:73
BRDA:34,0,0,2
BRDA:49,1,0,2
BRDA:49,1,1,0
BRDA:71,2,0,0
BRDA:71,2,1,2
BRDA:73,3,0,1
BRDA:73,3,1,1
BRDA:187,4,0,2
BRDA:187,4,1,0
BRF:9
BRH:6
end_of_record
TN:
SF:src/tests/data/math.ts
FNF:0
FNH:0
DA:3,1
DA:8,1
DA:13,1
DA:18,1
DA:23,1
LF:5
LH:5
BRF:0
BRH:0
end_of_record
TN:
SF:src/tests/data/planet.ts
FNF:0
FNH:0
DA:3,4
DA:10,4
DA:17,4
DA:24,4
LF:4
LH:4
BRF:0
BRH:0
end_of_record
TN:
SF:src/tests/data/weather-prediction.ts
FNF:0
FNH:0
DA:1,2
DA:6,2
DA:13,2
DA:20,2
DA:27,2
DA:32,2
DA:37,2
DA:42,2
DA:47,2
DA:52,2
DA:57,2
DA:62,2
DA:67,2
DA:72,2
DA:77,2
DA:82,2
DA:87,2
DA:92,2
DA:97,2
DA:102,2
DA:107,2
DA:113,2
DA:114,2
DA:115,2
DA:116,2
DA:117,2
DA:118,2
DA:119,2
DA:120,2
DA:121,2
DA:122,2
DA:123,2
DA:124,2
DA:125,2
DA:126,2
DA:127,2
DA:128,2
DA:129,2
DA:130,2
DA:131,2
DA:132,2
LF:41
LH:41
BRF:0
BRH:0
end_of_record
TN:
SF:src/utils/global.ts
FN:112,(anonymous_1)
FNF:1
FNH:1
FNDA:8,(anonymous_1)
DA:1,8
DA:3,8
DA:12,8
DA:18,8
DA:24,8
DA:30,8
DA:37,8
DA:41,8
DA:47,8
DA:52,8
DA:56,8
DA:60,8
DA:67,8
DA:72,8
DA:78,8
DA:84,8
DA:90,8
DA:103,8
DA:104,8
DA:105,8
DA:112,8
DA:113,8
DA:114,8
DA:115,8
DA:116,8
DA:119,8
DA:121,8
DA:128,8
DA:129,8
DA:130,8
DA:131,8
DA:132,8
DA:133,8
DA:134,8
DA:135,8
DA:136,8
DA:137,8
DA:138,8
DA:139,8
DA:140,8
DA:141,8
DA:142,8
DA:143,8
DA:144,8
DA:145,8
DA:146,8
DA:147,8
DA:148,8
DA:149,8
LF:49
LH:49
BRDA:112,0,0,8
BRDA:112,0,1,8
BRF:2
BRH:2
end_of_record
TN:
SF:src/utils/math.ts
FN:14,(anonymous_1)
FN:24,(anonymous_2)
FN:39,(anonymous_3)
FN:61,(anonymous_4)
FN:85,(anonymous_5)
FN:97,(anonymous_6)
FN:114,(anonymous_7)
FN:132,(anonymous_8)
FN:153,(anonymous_9)
FNF:9
FNH:9
FNDA:5,(anonymous_1)
FNDA:45,(anonymous_2)
FNDA:15,(anonymous_3)
FNDA:13,(anonymous_4)
FNDA:8,(anonymous_5)
FNDA:8,(anonymous_6)
FNDA:7,(anonymous_7)
FNDA:3,(anonymous_8)
FNDA:4,(anonymous_9)
DA:1,3
DA:5,3
DA:14,3
DA:15,5
DA:24,3
DA:25,45
DA:26,45
DA:28,45
DA:39,3
DA:47,15
DA:48,15
DA:49,15
DA:50,15
DA:51,15
DA:61,3
DA:67,13
DA:68,13
DA:69,13
DA:70,13
DA:71,13
DA:85,3
DA:86,8
DA:87,8
DA:88,5
DA:97,3
DA:101,8
DA:102,8
DA:114,3
DA:115,7
DA:116,7
DA:118,7
DA:119,7
DA:132,3
DA:136,3
DA:137,3
DA:138,1
DA:140,2
DA:141,1
DA:153,3
DA:157,4
DA:158,4
DA:159,2
DA:161,2
DA:167,1
DA:169,1
DA:173,3
DA:174,3
DA:175,3
DA:176,3
DA:177,3
DA:178,3
DA:179,3
LF:52
LH:52
BRDA:87,0,0,3
BRDA:87,0,1,5
BRDA:137,1,0,1
BRDA:137,1,1,2
BRDA:140,2,0,1
BRDA:140,2,1,1
BRDA:158,3,0,2
BRDA:158,3,1,2
BRDA:161,4,0,1
BRDA:161,4,1,1
BRF:10
BRH:10
end_of_record
TN:
SF:src/utils/weather-prediction.ts
FN:24,(anonymous_1)
FN:54,(anonymous_2)
FN:73,(anonymous_3)
FN:99,(anonymous_4)
FNF:4
FNH:4
FNDA:3,(anonymous_1)
FNDA:7,(anonymous_2)
FNDA:19,(anonymous_3)
FNDA:13,(anonymous_4)
DA:1,2
DA:4,2
DA:6,2
DA:24,2
DA:29,12
DA:30,3
DA:32,3
DA:33,3
DA:34,3
DA:35,3
DA:36,1
DA:44,2
DA:54,2
DA:55,7
DA:59,7
DA:60,3
DA:65,4
DA:73,2
DA:76,19
DA:77,12
DA:78,7
DA:79,7
DA:80,4
DA:82,3
DA:83,3
DA:84,1
DA:90,2
DA:99,2
DA:103,13
DA:107,13
DA:108,26
DA:110,17
DA:111,17
DA:117,17
DA:119,13
DA:120,13
DA:123,2
LF:37
LH:37
BRDA:35,0,0,1
BRDA:35,0,1,2
BRDA:59,1,0,3
BRDA:59,1,1,4
BRDA:76,2,0,12
BRDA:76,2,1,7
BRDA:79,3,0,4
BRDA:79,3,1,3
BRDA:83,4,0,1
BRDA:83,4,1,2
BRF:10
BRH:10
end_of_record
TN:
SF:src/validators/planet.ts
FN:29,(anonymous_0)
FNF:1
FNH:1
FNDA:2,(anonymous_0)
DA:2,1
DA:4,1
DA:6,1
DA:8,1
DA:29,1
DA:34,2
DA:35,2
DA:36,2
DA:37,1
DA:38,1
DA:40,1
DA:46,1
LF:12
LH:12
BRDA:36,0,0,1
BRDA:36,0,1,1
BRF:2
BRH:2
end_of_record
TN:
SF:src/validators/weather-prediction.ts
FN:20,(anonymous_0)
FN:42,(anonymous_1)
FNF:2
FNH:2
FNDA:3,(anonymous_0)
FNDA:2,(anonymous_1)
DA:1,1
DA:3,1
DA:5,1
DA:6,1
DA:7,1
DA:9,1
DA:14,1
DA:20,1
DA:25,3
DA:26,3
DA:27,3
DA:28,3
DA:32,3
DA:33,2
DA:34,2
DA:36,1
DA:42,1
DA:47,2
DA:48,2
DA:49,2
DA:51,1
DA:57,1
LF:22
LH:22
BRDA:26,0,0,1
BRDA:26,0,1,2
BRDA:27,1,0,1
BRDA:27,1,1,2
BRDA:27,2,0,3
BRDA:27,2,1,3
BRDA:32,3,0,2
BRDA:32,3,1,1
BRDA:49,4,0,1
BRDA:49,4,1,1
BRF:10
BRH:10
end_of_record
